2024-07-17 13:37:11.299 [info] Log level: Info
2024-07-17 13:37:11.299 [info] Validating found git in: "git"
2024-07-17 13:37:11.299 [info] Using git "2.45.2" from "git"
2024-07-17 13:37:11.299 [info] > git rev-parse --show-toplevel [2ms]
2024-07-17 13:37:11.299 [info] > git rev-parse --git-dir --git-common-dir [2ms]
2024-07-17 13:37:11.299 [info] Open repository: /home/shivako/repos/git_test
2024-07-17 13:37:11.300 [info] > git config --get commit.template [1ms]
2024-07-17 13:37:11.305 [info] > git for-each-ref --format=%(refname)%00%(upstream:short)%00%(objectname)%00%(upstream:track)%00%(upstream:remotename)%00%(upstream:remoteref) refs/heads/main refs/remotes/main [3ms]
2024-07-17 13:37:11.307 [warning] ENOENT: no such file or directory, open '/home/shivako/repos/git_test/.git/refs/remotes/origin/main'
2024-07-17 13:37:11.308 [info] > git rev-parse refs/remotes/origin/main [1ms]
2024-07-17 13:37:11.312 [info] > git status -z -uall [2ms]
2024-07-17 13:37:11.372 [info] > git for-each-ref --format=%(refname)%00%(upstream:short)%00%(objectname)%00%(upstream:track)%00%(upstream:remotename)%00%(upstream:remoteref) refs/heads/main refs/remotes/main [57ms]
2024-07-17 13:37:11.383 [info] > git config --local branch.main.vscode-merge-base [9ms]
2024-07-17 13:37:11.383 [warning] git config failed: Failed to execute git
2024-07-17 13:37:11.386 [info] > git config --get commit.template [53ms]
2024-07-17 13:37:11.389 [info] > git reflog main --grep-reflog=branch: Created from *. [3ms]
2024-07-17 13:37:11.391 [info] > git for-each-ref --format=%(refname)%00%(upstream:short)%00%(objectname)%00%(upstream:track)%00%(upstream:remotename)%00%(upstream:remoteref) refs/heads/main refs/remotes/main [3ms]
2024-07-17 13:37:11.393 [warning] ENOENT: no such file or directory, open '/home/shivako/repos/git_test/.git/refs/remotes/origin/main'
2024-07-17 13:37:11.393 [info] > git symbolic-ref --short refs/remotes/origin/HEAD [3ms]
2024-07-17 13:37:11.399 [info] > git for-each-ref --format=%(refname)%00%(upstream:short)%00%(objectname)%00%(upstream:track)%00%(upstream:remotename)%00%(upstream:remoteref) refs/heads/origin/main refs/remotes/origin/main [4ms]
2024-07-17 13:37:11.402 [info] > git rev-parse refs/remotes/origin/main [9ms]
2024-07-17 13:37:11.407 [info] > git config --local branch.main.vscode-merge-base origin/main [5ms]
2024-07-17 13:37:11.416 [info] > git status -z -uall [11ms] (cancelled)
2024-07-17 13:37:11.418 [info] > git config --get commit.template [2ms]
2024-07-17 13:37:11.423 [info] > git for-each-ref --format=%(refname)%00%(upstream:short)%00%(objectname)%00%(upstream:track)%00%(upstream:remotename)%00%(upstream:remoteref) refs/heads/main refs/remotes/main [2ms]
2024-07-17 13:37:11.428 [warning] ENOENT: no such file or directory, open '/home/shivako/repos/git_test/.git/refs/remotes/origin/main'
2024-07-17 13:37:11.447 [info] > git rev-parse refs/remotes/origin/main [18ms]
2024-07-17 13:37:11.454 [info] > git status -z -uall [4ms]
2024-07-17 13:37:11.460 [info] > git for-each-ref --format=%(refname)%00%(upstream:short)%00%(objectname)%00%(upstream:track)%00%(upstream:remotename)%00%(upstream:remoteref) refs/heads/main refs/remotes/main [4ms]
2024-07-17 13:37:11.462 [info] > git merge-base refs/heads/main refs/remotes/origin/main [3ms]
2024-07-17 13:37:11.466 [info] > git config --local branch.main.vscode-merge-base [4ms]
2024-07-17 13:37:11.470 [info] > git rev-list --count --left-right refs/heads/main...refs/remotes/origin/main [6ms]
2024-07-17 13:37:11.478 [info] > git for-each-ref --format=%(refname)%00%(upstream:short)%00%(objectname)%00%(upstream:track)%00%(upstream:remotename)%00%(upstream:remoteref) refs/heads/origin/main refs/remotes/origin/main [9ms]
2024-07-17 13:37:11.478 [info] > git diff --name-status -z --diff-filter=ADMR 5727666f72a74113acf034b0b31eb54d311db685...refs/remotes/origin/main [4ms]
2024-07-17 13:37:11.838 [info] > git check-ignore -v -z --stdin [1ms]
2024-07-17 13:37:14.837 [info] > git config --get commit.template [3ms]
2024-07-17 13:37:14.838 [info] > git for-each-ref --format=%(refname)%00%(upstream:short)%00%(objectname)%00%(upstream:track)%00%(upstream:remotename)%00%(upstream:remoteref) refs/heads/main refs/remotes/main [2ms]
2024-07-17 13:37:14.840 [warning] ENOENT: no such file or directory, open '/home/shivako/repos/git_test/.git/refs/remotes/origin/main'
2024-07-17 13:37:14.841 [info] > git rev-parse refs/remotes/origin/main [1ms]
2024-07-17 13:37:14.845 [info] > git status -z -uall [1ms]
2024-07-17 13:37:14.849 [info] > git for-each-ref --format=%(refname)%00%(upstream:short)%00%(objectname)%00%(upstream:track)%00%(upstream:remotename)%00%(upstream:remoteref) refs/heads/main refs/remotes/main [1ms]
2024-07-17 13:37:14.852 [info] > git config --local branch.main.vscode-merge-base [1ms]
2024-07-17 13:37:14.856 [info] > git for-each-ref --format=%(refname)%00%(upstream:short)%00%(objectname)%00%(upstream:track)%00%(upstream:remotename)%00%(upstream:remoteref) refs/heads/origin/main refs/remotes/origin/main [2ms]
2024-07-17 13:37:23.140 [info] > git show --textconv :README.md [3ms]
2024-07-17 13:37:23.141 [info] > git ls-files --stage -- /home/shivako/repos/git_test/README.md [2ms]
2024-07-17 13:37:23.144 [info] > git cat-file -s f9894f4195f4854cfc3e3c55960200adebbc3ac5 [1ms]
2024-07-17 13:38:03.340 [info] > git config --get commit.template [16ms]
2024-07-17 13:38:03.346 [info] > git for-each-ref --format=%(refname)%00%(upstream:short)%00%(objectname)%00%(upstream:track)%00%(upstream:remotename)%00%(upstream:remoteref) refs/heads/main refs/remotes/main [19ms]
2024-07-17 13:38:03.348 [warning] ENOENT: no such file or directory, open '/home/shivako/repos/git_test/.git/refs/remotes/origin/main'
2024-07-17 13:38:03.350 [info] > git rev-parse refs/remotes/origin/main [2ms]
2024-07-17 13:38:03.356 [info] > git status -z -uall [4ms]
2024-07-17 13:38:03.361 [info] > git for-each-ref --format=%(refname)%00%(upstream:short)%00%(objectname)%00%(upstream:track)%00%(upstream:remotename)%00%(upstream:remoteref) refs/heads/main refs/remotes/main [3ms]
2024-07-17 13:38:03.364 [info] > git config --local branch.main.vscode-merge-base [1ms]
2024-07-17 13:38:03.369 [info] > git for-each-ref --format=%(refname)%00%(upstream:short)%00%(objectname)%00%(upstream:track)%00%(upstream:remotename)%00%(upstream:remoteref) refs/heads/origin/main refs/remotes/origin/main [2ms]
2024-07-17 13:45:32.613 [info] > git config --get commit.template [3ms]
2024-07-17 13:45:32.633 [info] > git ls-files --stage -- /home/shivako/repos/git_test/README.md [13ms]
2024-07-17 13:45:32.668 [info] > git cat-file -s 38d9afc575a66a19875e16e31963a97b33ec69f7 [33ms]
2024-07-17 13:45:32.668 [info] > git for-each-ref --format=%(refname)%00%(upstream:short)%00%(objectname)%00%(upstream:track)%00%(upstream:remotename)%00%(upstream:remoteref) refs/heads/main refs/remotes/main [56ms]
2024-07-17 13:45:32.670 [warning] ENOENT: no such file or directory, open '/home/shivako/repos/git_test/.git/refs/remotes/origin/main'
2024-07-17 13:45:32.672 [info] > git rev-parse refs/remotes/origin/main [2ms]
2024-07-17 13:45:32.677 [info] > git status -z -uall [3ms]
2024-07-17 13:45:32.681 [info] > git show --textconv :README.md [5ms]
2024-07-17 13:45:32.681 [info] > git for-each-ref --format=%(refname)%00%(upstream:short)%00%(objectname)%00%(upstream:track)%00%(upstream:remotename)%00%(upstream:remoteref) refs/heads/main refs/remotes/main [2ms]
2024-07-17 13:45:32.685 [info] > git config --local branch.main.vscode-merge-base [1ms]
2024-07-17 13:45:32.689 [info] > git for-each-ref --format=%(refname)%00%(upstream:short)%00%(objectname)%00%(upstream:track)%00%(upstream:remotename)%00%(upstream:remoteref) refs/heads/origin/main refs/remotes/origin/main [2ms]
2024-07-17 13:45:37.230 [info] > git ls-files --stage -- /home/shivako/repos/git_test/hello_world.txt [0ms]
2024-07-17 13:45:37.241 [info] > git show --textconv :hello_world.txt [13ms]
2024-07-17 13:45:37.242 [info] > git cat-file -s e69de29bb2d1d6434b8b29ae775ad8c2e48c5391 [9ms]
2024-07-17 13:45:51.709 [info] > git config --get commit.template [1ms]
2024-07-17 13:45:51.713 [info] > git for-each-ref --format=%(refname)%00%(upstream:short)%00%(objectname)%00%(upstream:track)%00%(upstream:remotename)%00%(upstream:remoteref) refs/heads/main refs/remotes/main [2ms]
2024-07-17 13:45:51.714 [warning] ENOENT: no such file or directory, open '/home/shivako/repos/git_test/.git/refs/remotes/origin/main'
2024-07-17 13:45:51.715 [info] > git rev-parse refs/remotes/origin/main [1ms]
2024-07-17 13:45:51.718 [info] > git status -z -uall [1ms]
2024-07-17 13:45:51.721 [info] > git for-each-ref --format=%(refname)%00%(upstream:short)%00%(objectname)%00%(upstream:track)%00%(upstream:remotename)%00%(upstream:remoteref) refs/heads/main refs/remotes/main [1ms]
2024-07-17 13:45:51.724 [info] > git config --local branch.main.vscode-merge-base [1ms]
2024-07-17 13:45:51.728 [info] > git for-each-ref --format=%(refname)%00%(upstream:short)%00%(objectname)%00%(upstream:track)%00%(upstream:remotename)%00%(upstream:remoteref) refs/heads/origin/main refs/remotes/origin/main [2ms]
