2024-06-17 17:24:50.952 [info] Log level: Info
2024-06-17 17:24:50.953 [info] Validating found git in: "git"
2024-06-17 17:24:50.953 [info] Using git "2.45.2" from "git"
2024-06-17 17:24:50.953 [info] > git rev-parse --show-toplevel [4ms]
2024-06-17 17:24:50.953 [info] > git rev-parse --git-dir --git-common-dir [41ms]
2024-06-17 17:24:50.953 [info] Open repository: /home/shivako/repos/GitTest
2024-06-17 17:24:50.957 [info] > git config --get commit.template [1ms]
2024-06-17 17:24:50.973 [info] > git for-each-ref --format=%(refname)%00%(upstream:short)%00%(objectname)%00%(upstream:track)%00%(upstream:remotename)%00%(upstream:remoteref) refs/heads/main refs/remotes/main [3ms]
2024-06-17 17:24:50.978 [info] > git status -z -uall [2ms]
2024-06-17 17:24:50.990 [info] > git merge-base refs/heads/main refs/remotes/origin/main [9ms]
2024-06-17 17:24:50.999 [info] > git config --get commit.template [8ms]
2024-06-17 17:24:51.000 [info] > git rev-list --count --left-right refs/heads/main...refs/remotes/origin/main [8ms]
2024-06-17 17:24:51.005 [info] > git diff --name-status -z --diff-filter=ADMR 8e5489e547ed0b00a4669b0f7eff06b9d43c899c...refs/remotes/origin/main [3ms]
2024-06-17 17:24:51.008 [info] > git for-each-ref --format=%(refname)%00%(upstream:short)%00%(objectname)%00%(upstream:track)%00%(upstream:remotename)%00%(upstream:remoteref) refs/heads/main refs/remotes/main [4ms]
2024-06-17 17:24:51.017 [info] > git status -z -uall [0ms]
2024-06-17 17:24:51.508 [info] > git check-ignore -v -z --stdin [3ms]
2024-06-17 17:24:51.768 [info] > git show --textconv :index.html [2ms]
2024-06-17 17:24:51.769 [info] > git ls-files --stage -- /home/shivako/repos/GitTest/index.html [1ms]
2024-06-17 17:24:51.772 [info] > git cat-file -s 9bfbe8983f47063e700e75e9704c6f10c51807cb [1ms]
2024-06-17 17:25:57.536 [info] > git show --textconv :README.md [20ms]
2024-06-17 17:25:57.538 [info] > git ls-files --stage -- /home/shivako/repos/GitTest/README.md [20ms]
2024-06-17 17:25:57.542 [info] > git cat-file -s 8dcf47d369f313297d4c08c921cbff4257d95963 [2ms]
2024-06-17 17:25:58.026 [info] > git show --textconv :hello_world.txt [2ms]
2024-06-17 17:25:58.027 [info] > git ls-files --stage -- /home/shivako/repos/GitTest/hello_world.txt [1ms]
2024-06-17 17:25:58.030 [info] > git cat-file -s 8a4c7ef62ba3557f66b5feee0472fc24e179ee8c [2ms]
2024-06-17 17:34:24.834 [info] > git show --textconv :index.html [2ms]
2024-06-17 17:34:24.836 [info] > git ls-files --stage -- /home/shivako/repos/GitTest/index.html [2ms]
2024-06-17 17:34:24.839 [info] > git cat-file -s 9bfbe8983f47063e700e75e9704c6f10c51807cb [1ms]
2024-06-17 17:34:25.285 [info] > git show --textconv :hello_world.txt [2ms]
2024-06-17 17:34:25.286 [info] > git ls-files --stage -- /home/shivako/repos/GitTest/hello_world.txt [1ms]
2024-06-17 17:34:25.290 [info] > git cat-file -s 8a4c7ef62ba3557f66b5feee0472fc24e179ee8c [1ms]
