2024-06-17 17:04:30.669 [info] Log level: Info
2024-06-17 17:04:30.669 [info] Validating found git in: "git"
2024-06-17 17:04:30.669 [info] Using git "2.45.2" from "git"
2024-06-17 17:04:30.669 [info] > git rev-parse --show-toplevel [3ms]
2024-06-17 17:04:30.669 [info] > git rev-parse --git-dir --git-common-dir [26ms]
2024-06-17 17:04:30.669 [info] Open repository: /home/shivako/repos/GitTest
2024-06-17 17:04:30.669 [info] > git config --get commit.template [2ms]
2024-06-17 17:04:30.683 [info] > git for-each-ref --format=%(refname)%00%(upstream:short)%00%(objectname)%00%(upstream:track)%00%(upstream:remotename)%00%(upstream:remoteref) refs/heads/main refs/remotes/main [11ms]
2024-06-17 17:04:30.690 [info] > git status -z -uall [3ms]
2024-06-17 17:04:30.701 [info] > git merge-base refs/heads/main refs/remotes/origin/main [9ms]
2024-06-17 17:04:30.705 [info] > git config --get commit.template [5ms]
2024-06-17 17:04:30.708 [info] > git rev-list --count --left-right refs/heads/main...refs/remotes/origin/main [5ms]
2024-06-17 17:04:30.711 [info] > git for-each-ref --format=%(refname)%00%(upstream:short)%00%(objectname)%00%(upstream:track)%00%(upstream:remotename)%00%(upstream:remoteref) refs/heads/main refs/remotes/main [4ms]
2024-06-17 17:04:30.713 [info] > git diff --name-status -z --diff-filter=ADMR 8e5489e547ed0b00a4669b0f7eff06b9d43c899c...refs/remotes/origin/main [3ms]
2024-06-17 17:04:30.714 [info] > git status -z -uall [1ms]
2024-06-17 17:04:31.080 [info] > git show --textconv :index.html [3ms]
2024-06-17 17:04:31.081 [info] > git ls-files --stage -- /home/shivako/repos/GitTest/index.html [2ms]
2024-06-17 17:04:31.180 [info] > git check-ignore -v -z --stdin [1ms]
2024-06-17 17:04:34.456 [info] > git check-ignore -v -z --stdin [2ms]
2024-06-17 17:04:35.667 [info] > git show --textconv :hello_world.txt [3ms]
2024-06-17 17:04:35.667 [info] > git ls-files --stage -- /home/shivako/repos/GitTest/hello_world.txt [1ms]
2024-06-17 17:04:35.670 [info] > git cat-file -s 8a4c7ef62ba3557f66b5feee0472fc24e179ee8c [0ms]
2024-06-17 17:04:37.131 [info] > git show --textconv :index.html [2ms]
2024-06-17 17:04:37.132 [info] > git ls-files --stage -- /home/shivako/repos/GitTest/index.html [1ms]
2024-06-17 17:04:40.384 [info] > git show --textconv :hello_world.txt [2ms]
2024-06-17 17:04:40.385 [info] > git ls-files --stage -- /home/shivako/repos/GitTest/hello_world.txt [2ms]
2024-06-17 17:04:40.388 [info] > git cat-file -s 8a4c7ef62ba3557f66b5feee0472fc24e179ee8c [1ms]
2024-06-17 17:04:40.820 [info] > git show --textconv :index.html [2ms]
2024-06-17 17:04:40.820 [info] > git ls-files --stage -- /home/shivako/repos/GitTest/index.html [1ms]
2024-06-17 17:04:42.767 [info] > git show --textconv :hello_world.txt [2ms]
2024-06-17 17:04:42.768 [info] > git ls-files --stage -- /home/shivako/repos/GitTest/hello_world.txt [1ms]
2024-06-17 17:04:42.771 [info] > git cat-file -s 8a4c7ef62ba3557f66b5feee0472fc24e179ee8c [1ms]
2024-06-17 17:04:45.567 [info] > git show --textconv :index.html [2ms]
2024-06-17 17:04:45.568 [info] > git ls-files --stage -- /home/shivako/repos/GitTest/index.html [1ms]
2024-06-17 17:08:54.476 [info] > git config --get commit.template [3ms]
2024-06-17 17:08:54.476 [info] > git for-each-ref --format=%(refname)%00%(upstream:short)%00%(objectname)%00%(upstream:track)%00%(upstream:remotename)%00%(upstream:remoteref) refs/heads/main refs/remotes/main [2ms]
2024-06-17 17:08:54.482 [info] > git status -z -uall [3ms]
2024-06-17 17:09:08.119 [info] > git config --get commit.template [2ms]
2024-06-17 17:09:08.119 [info] > git for-each-ref --format=%(refname)%00%(upstream:short)%00%(objectname)%00%(upstream:track)%00%(upstream:remotename)%00%(upstream:remoteref) refs/heads/main refs/remotes/main [1ms]
2024-06-17 17:09:08.123 [info] > git status -z -uall [1ms]
2024-06-17 17:16:00.982 [info] > git config --get commit.template [3ms]
2024-06-17 17:16:00.984 [info] > git for-each-ref --format=%(refname)%00%(upstream:short)%00%(objectname)%00%(upstream:track)%00%(upstream:remotename)%00%(upstream:remoteref) refs/heads/main refs/remotes/main [3ms]
2024-06-17 17:16:00.988 [info] > git status -z -uall [1ms]
2024-06-17 17:16:00.993 [info] > git merge-base refs/heads/main refs/remotes/origin/main [2ms]
2024-06-17 17:16:00.998 [info] > git rev-list --count --left-right refs/heads/main...refs/remotes/origin/main [2ms]
2024-06-17 17:16:01.002 [info] > git diff --name-status -z --diff-filter=ADMR 8e5489e547ed0b00a4669b0f7eff06b9d43c899c...refs/remotes/origin/main [2ms]
2024-06-17 17:16:01.014 [info] > git ls-files --stage -- /home/shivako/repos/GitTest/index.html [1ms]
2024-06-17 17:16:01.019 [info] > git cat-file -s 9bfbe8983f47063e700e75e9704c6f10c51807cb [3ms]
2024-06-17 17:16:01.027 [info] > git show --textconv :index.html [1ms]
