2024-06-24 17:26:48.550 [info] Log level: Info
2024-06-24 17:26:48.550 [info] Validating found git in: "git"
2024-06-24 17:26:48.550 [info] Using git "2.45.2" from "git"
2024-06-24 17:26:48.550 [info] > git rev-parse --show-toplevel [2ms]
2024-06-24 17:26:48.551 [info] > git rev-parse --git-dir --git-common-dir [104ms]
2024-06-24 17:26:48.560 [info] Open repository: /home/shivako/GitTest
2024-06-24 17:26:48.649 [info] > git rev-parse --show-toplevel [83ms]
2024-06-24 17:26:48.650 [info] > git config --get commit.template [85ms]
2024-06-24 17:26:48.667 [info] > git rev-parse --show-toplevel [15ms]
2024-06-24 17:26:48.696 [info] > git rev-parse --show-toplevel [5ms]
2024-06-24 17:26:48.700 [info] > git for-each-ref --format=%(refname)%00%(upstream:short)%00%(objectname)%00%(upstream:track)%00%(upstream:remotename)%00%(upstream:remoteref) refs/heads/main refs/remotes/main [34ms]
2024-06-24 17:26:48.721 [info] > git status -z -uall [5ms]
2024-06-24 17:26:48.732 [info] > git merge-base refs/heads/main refs/remotes/origin/main [7ms]
2024-06-24 17:26:48.737 [info] > git config --get commit.template [4ms]
2024-06-24 17:26:48.738 [info] > git rev-list --count --left-right refs/heads/main...refs/remotes/origin/main [4ms]
2024-06-24 17:26:48.744 [info] > git diff --name-status -z --diff-filter=ADMR 3cdf21340596f1ca9ce8a21416add4e5028124a7...refs/remotes/origin/main [4ms]
2024-06-24 17:26:48.746 [info] > git for-each-ref --format=%(refname)%00%(upstream:short)%00%(objectname)%00%(upstream:track)%00%(upstream:remotename)%00%(upstream:remoteref) refs/heads/main refs/remotes/main [3ms]
2024-06-24 17:26:48.751 [info] > git status -z -uall [2ms]
2024-06-24 17:26:49.129 [info] > git show --textconv :htmlboilerplate/index.html [3ms]
2024-06-24 17:26:49.130 [info] > git ls-files --stage -- /home/shivako/GitTest/htmlboilerplate/index.html [2ms]
2024-06-24 17:26:49.134 [info] > git cat-file -s e69de29bb2d1d6434b8b29ae775ad8c2e48c5391 [2ms]
2024-06-24 17:26:49.150 [info] > git check-ignore -v -z --stdin [1ms]
2024-06-24 17:26:55.140 [info] > git show --textconv :htmlboilerplate/index.html [2ms]
2024-06-24 17:26:55.141 [info] > git ls-files --stage -- /home/shivako/GitTest/htmlboilerplate/index.html [1ms]
2024-06-24 17:26:55.144 [info] > git cat-file -s e69de29bb2d1d6434b8b29ae775ad8c2e48c5391 [1ms]
2024-06-24 17:27:00.044 [info] > git merge-base refs/heads/main refs/remotes/origin/main [1ms]
2024-06-24 17:27:00.047 [info] > git rev-list --count --left-right refs/heads/main...refs/remotes/origin/main [1ms]
2024-06-24 17:27:00.635 [info] > git check-ignore -v -z --stdin [1ms]
2024-06-24 17:27:40.179 [info] > git show --textconv :.vscode/launch.json [7ms]
2024-06-24 17:27:40.179 [info] > git ls-files --stage -- /home/shivako/GitTest/.vscode/launch.json [5ms]
2024-06-24 17:27:40.419 [info] > git check-ignore -v -z --stdin [1ms]
2024-06-24 17:28:07.579 [info] > git show --textconv :.vscode/launch.json [4ms]
2024-06-24 17:28:07.579 [info] > git ls-files --stage -- /home/shivako/GitTest/.vscode/launch.json [2ms]
2024-06-24 17:28:14.550 [info] > git config --get commit.template [4ms]
2024-06-24 17:28:14.551 [info] > git for-each-ref --format=%(refname)%00%(upstream:short)%00%(objectname)%00%(upstream:track)%00%(upstream:remotename)%00%(upstream:remoteref) refs/heads/main refs/remotes/main [2ms]
2024-06-24 17:28:14.563 [info] > git status -z -uall [8ms]
2024-06-24 17:30:04.701 [info] > git show --textconv HEAD:htmlboilerplate/index.html [4ms]
2024-06-24 17:30:04.702 [info] > git ls-tree -l HEAD -- /home/shivako/GitTest/htmlboilerplate/index.html [2ms]
2024-06-24 17:30:07.433 [info] > git show --textconv HEAD:.vscode/launch.json [4ms]
2024-06-24 17:30:07.434 [info] > git ls-tree -l HEAD -- /home/shivako/GitTest/.vscode/launch.json [3ms]
2024-06-24 17:30:10.495 [info] > git check-ignore -v -z --stdin [2ms]
2024-06-24 17:30:22.587 [info] > git show --textconv :htmlboilerplate/index.html [2ms]
2024-06-24 17:30:22.588 [info] > git ls-files --stage -- /home/shivako/GitTest/htmlboilerplate/index.html [1ms]
2024-06-24 17:30:22.591 [info] > git cat-file -s e69de29bb2d1d6434b8b29ae775ad8c2e48c5391 [1ms]
2024-06-24 17:30:31.365 [info] > git config --get commit.template [3ms]
2024-06-24 17:30:31.366 [info] > git for-each-ref --format=%(refname)%00%(upstream:short)%00%(objectname)%00%(upstream:track)%00%(upstream:remotename)%00%(upstream:remoteref) refs/heads/main refs/remotes/main [1ms]
2024-06-24 17:30:31.370 [info] > git status -z -uall [2ms]
2024-06-24 17:30:31.374 [info] > git merge-base refs/heads/main refs/remotes/origin/main [2ms]
2024-06-24 17:30:31.379 [info] > git rev-list --count --left-right refs/heads/main...refs/remotes/origin/main [3ms]
2024-06-24 17:30:31.383 [info] > git diff --name-status -z --diff-filter=ADMR 3cdf21340596f1ca9ce8a21416add4e5028124a7...refs/remotes/origin/main [1ms]
2024-06-24 17:30:31.390 [info] > git merge-base refs/heads/main refs/remotes/origin/main [1ms]
2024-06-24 17:30:31.395 [info] > git rev-list --count --left-right refs/heads/main...refs/remotes/origin/main [2ms]
2024-06-24 17:30:32.715 [info] > git config --get commit.template [3ms]
2024-06-24 17:30:32.715 [info] > git for-each-ref --format=%(refname)%00%(upstream:short)%00%(objectname)%00%(upstream:track)%00%(upstream:remotename)%00%(upstream:remoteref) refs/heads/main refs/remotes/main [1ms]
2024-06-24 17:30:32.719 [info] > git status -z -uall [1ms]
2024-06-24 17:30:32.724 [info] > git merge-base refs/heads/main refs/remotes/origin/main [1ms]
2024-06-24 17:30:32.728 [info] > git rev-list --count --left-right refs/heads/main...refs/remotes/origin/main [2ms]
2024-06-24 17:30:32.733 [info] > git diff --name-status -z --diff-filter=ADMR 3cdf21340596f1ca9ce8a21416add4e5028124a7...refs/remotes/origin/main [2ms]
2024-06-24 17:30:32.739 [info] > git merge-base refs/heads/main refs/remotes/origin/main [1ms]
2024-06-24 17:30:32.742 [info] > git rev-list --count --left-right refs/heads/main...refs/remotes/origin/main [1ms]
