0 verbose cli /home/shivako/.nvm/versions/node/v22.5.1/bin/node /home/shivako/.nvm/versions/node/v22.5.1/bin/npm
1 info using npm@10.8.2
2 info using node@v22.5.1
3 silly config load:file:/home/shivako/.nvm/versions/node/v22.5.1/lib/node_modules/npm/npmrc
4 silly config load:file:/home/shivako/.cache/typescript/5.5/.npmrc
5 silly config load:file:/home/shivako/.npmrc
6 silly config load:file:/home/shivako/.nvm/versions/node/v22.5.1/etc/npmrc
7 verbose title npm install types-registry@latest
8 verbose argv "install" "--ignore-scripts" "types-registry@latest"
9 verbose logfile logs-max:10 dir:/home/shivako/.npm/_logs/2024-07-25T22_57_35_567Z-
10 verbose logfile /home/shivako/.npm/_logs/2024-07-25T22_57_35_567Z-debug-0.log
11 silly packumentCache heap:2197815296 maxSize:549453824 maxEntrySize:274726912
12 silly logfile done cleaning log files
13 silly packumentCache corgi:https://registry.npmjs.org/types-registry cache-miss
14 http fetch GET 200 https://registry.npmjs.org/types-registry 823ms (cache miss)
15 silly packumentCache corgi:https://registry.npmjs.org/types-registry set size:undefined disposed:false
16 silly idealTree buildDeps
17 silly fetch manifest types-registry@0.1.685
18 silly packumentCache full:https://registry.npmjs.org/types-registry cache-miss
19 http fetch GET 200 https://registry.npmjs.org/types-registry 214ms (cache miss)
20 silly packumentCache full:https://registry.npmjs.org/types-registry set size:undefined disposed:false
21 silly placeDep ROOT types-registry@0.1.685 OK for:  want: 0.1.685
22 silly reify moves {}
23 silly audit bulk request { 'types-registry': [ '0.1.685' ] }
24 silly tarball no local data for types-registry@https://registry.npmjs.org/types-registry/-/types-registry-0.1.685.tgz. Extracting by manifest.
25 http fetch POST 200 https://registry.npmjs.org/-/npm/v1/security/advisories/bulk 212ms
26 silly audit report {}
27 http fetch GET 200 https://registry.npmjs.org/types-registry/-/types-registry-0.1.685.tgz 709ms (cache miss)
28 silly ADD node_modules/types-registry
29 verbose cwd /home/shivako/.cache/typescript/5.5
30 verbose os Linux 5.15.153.1-microsoft-standard-WSL2
31 verbose node v22.5.1
32 verbose npm  v10.8.2
33 verbose exit 0
34 info ok
