0 verbose cli /home/shivako/.nvm/versions/node/v22.5.1/bin/node /home/shivako/.nvm/versions/node/v22.5.1/bin/npm
1 info using npm@10.8.2
2 info using node@v22.5.1
3 silly config load:file:/home/shivako/.nvm/versions/node/v22.5.1/lib/node_modules/npm/npmrc
4 silly config load:file:/home/shivako/.cache/typescript/5.5/.npmrc
5 silly config load:file:/home/shivako/.npmrc
6 silly config load:file:/home/shivako/.nvm/versions/node/v22.5.1/etc/npmrc
7 verbose title npm install types-registry@latest
8 verbose argv "install" "--ignore-scripts" "types-registry@latest"
9 verbose logfile logs-max:10 dir:/home/shivako/.npm/_logs/2024-08-12T01_36_46_095Z-
10 verbose logfile /home/shivako/.npm/_logs/2024-08-12T01_36_46_095Z-debug-0.log
11 silly packumentCache heap:2197815296 maxSize:549453824 maxEntrySize:274726912
12 silly logfile start cleaning logs, removing 1 files
13 silly logfile done cleaning log files
14 silly packumentCache corgi:https://registry.npmjs.org/types-registry cache-miss
15 http fetch GET 200 https://registry.npmjs.org/types-registry 361ms (cache revalidated)
16 silly packumentCache corgi:https://registry.npmjs.org/types-registry set size:579712 disposed:false
17 silly idealTree buildDeps
18 silly fetch manifest types-registry@0.1.685
19 silly packumentCache full:https://registry.npmjs.org/types-registry cache-miss
20 http fetch GET 200 https://registry.npmjs.org/types-registry 94ms (cache revalidated)
21 silly packumentCache full:https://registry.npmjs.org/types-registry set size:1204022 disposed:false
22 silly placeDep ROOT types-registry@0.1.685 REPLACE for:  want: 0.1.685
23 silly reify moves {}
24 silly audit bulk request { 'types-registry': [ '0.1.685' ] }
25 http fetch POST 200 https://registry.npmjs.org/-/npm/v1/security/advisories/bulk 187ms
26 silly audit report {}
27 verbose cwd /home/shivako/.cache/typescript/5.5
28 verbose os Linux 5.15.153.1-microsoft-standard-WSL2
29 verbose node v22.5.1
30 verbose npm  v10.8.2
31 verbose exit 0
32 info ok
