0 verbose cli /home/shivako/.nvm/versions/node/v22.5.1/bin/node /home/shivako/.nvm/versions/node/v22.5.1/bin/npm
1 info using npm@10.8.2
2 info using node@v22.5.1
3 silly config load:file:/home/shivako/.nvm/versions/node/v22.5.1/lib/node_modules/npm/npmrc
4 silly config load:file:/home/shivako/odin-links-and-images/.npmrc
5 silly config load:file:/home/shivako/.npmrc
6 silly config load:file:/home/shivako/.nvm/versions/node/v22.5.1/etc/npmrc
7 verbose title npm init
8 verbose argv "init"
9 verbose logfile logs-max:10 dir:/home/shivako/.npm/_logs/2024-07-25T22_45_20_964Z-
10 verbose logfile /home/shivako/.npm/_logs/2024-07-25T22_45_20_964Z-debug-0.log
11 silly logfile done cleaning log files
12 silly package data {
12 silly package data   name: 'odin-links-and-images',
12 silly package data   version: '1.0.0',
12 silly package data   description: 'proyecto odin',
12 silly package data   main: 'index.js',
12 silly package data   scripts: { test: 'echo "Error: no test specified" && exit 1' },
12 silly package data   author: '',
12 silly package data   license: 'ISC'
12 silly package data }
13 verbose cwd /home/shivako/odin-links-and-images
14 verbose os Linux 5.15.153.1-microsoft-standard-WSL2
15 verbose node v22.5.1
16 verbose npm  v10.8.2
17 verbose exit 0
18 info ok
