0 verbose cli /home/shivako/.nvm/versions/node/v22.5.1/bin/node /home/shivako/.nvm/versions/node/v22.5.1/bin/npm
1 info using npm@10.8.2
2 info using node@v22.5.1
3 silly config load:file:/home/shivako/.nvm/versions/node/v22.5.1/lib/node_modules/npm/npmrc
4 silly config load:file:/home/shivako/odin-links-and-images/.npmrc
5 silly config load:file:/home/shivako/.npmrc
6 silly config load:file:/home/shivako/.nvm/versions/node/v22.5.1/etc/npmrc
7 verbose title npm install
8 verbose argv "install"
9 verbose logfile logs-max:10 dir:/home/shivako/.npm/_logs/2024-07-25T22_54_31_146Z-
10 verbose logfile /home/shivako/.npm/_logs/2024-07-25T22_54_31_146Z-debug-0.log
11 silly packumentCache heap:2197815296 maxSize:549453824 maxEntrySize:274726912
12 silly logfile done cleaning log files
13 silly idealTree buildDeps
14 silly reify moves {}
15 silly audit report null
16 verbose cwd /home/shivako/odin-links-and-images
17 verbose os Linux 5.15.153.1-microsoft-standard-WSL2
18 verbose node v22.5.1
19 verbose npm  v10.8.2
20 verbose exit 0
21 info ok
