2024-06-17 18:31:00.317 [info] Log level: Info
2024-06-17 18:31:00.317 [info] Validating found git in: "git"
2024-06-17 18:31:00.317 [info] Using git "2.45.2" from "git"
2024-06-17 18:31:00.317 [info] > git rev-parse --show-toplevel [28ms]
2024-06-17 18:31:00.317 [info] > git rev-parse --git-dir --git-common-dir [4ms]
2024-06-17 18:31:00.317 [info] Open repository: /home/shivako/GitTest
2024-06-17 18:31:00.329 [info] > git config --get commit.template [8ms]
2024-06-17 18:31:00.334 [info] > git for-each-ref --format=%(refname)%00%(upstream:short)%00%(objectname)%00%(upstream:track)%00%(upstream:remotename)%00%(upstream:remoteref) refs/heads/main refs/remotes/main [2ms]
2024-06-17 18:31:00.340 [info] > git status -z -uall [2ms]
2024-06-17 18:31:00.350 [info] > git merge-base refs/heads/main refs/remotes/origin/main [7ms]
2024-06-17 18:31:00.356 [info] > git config --get commit.template [5ms]
2024-06-17 18:31:00.357 [info] > git rev-list --count --left-right refs/heads/main...refs/remotes/origin/main [4ms]
2024-06-17 18:31:00.363 [info] > git diff --name-status -z --diff-filter=ADMR 71880f89365b580693b45f25084c967044ef0ade...refs/remotes/origin/main [4ms]
2024-06-17 18:31:00.364 [info] > git for-each-ref --format=%(refname)%00%(upstream:short)%00%(objectname)%00%(upstream:track)%00%(upstream:remotename)%00%(upstream:remoteref) refs/heads/main refs/remotes/main [1ms]
2024-06-17 18:31:00.369 [info] > git status -z -uall [1ms]
2024-06-17 18:31:00.732 [info] > git show --textconv :index.html [4ms]
2024-06-17 18:31:00.733 [info] > git ls-files --stage -- /home/shivako/GitTest/index.html [2ms]
2024-06-17 18:31:00.737 [info] > git cat-file -s d572eb30d1397477378f36bb1c74a70355e5c1ff [1ms]
2024-06-17 18:31:00.831 [info] > git check-ignore -v -z --stdin [1ms]
2024-06-17 18:31:06.908 [info] > git show --textconv :.git/COMMIT_EDITMSG [2ms]
2024-06-17 18:31:06.909 [info] > git ls-files --stage -- /home/shivako/GitTest/.git/COMMIT_EDITMSG [2ms]
2024-06-17 18:31:07.178 [info] > git check-ignore -v -z --stdin [1ms]
2024-06-17 18:31:10.311 [info] > git show --textconv :index.html [2ms]
2024-06-17 18:31:10.312 [info] > git ls-files --stage -- /home/shivako/GitTest/index.html [1ms]
2024-06-17 18:31:10.316 [info] > git cat-file -s d572eb30d1397477378f36bb1c74a70355e5c1ff [2ms]
2024-06-17 18:31:21.440 [info] > git show --textconv :.git/COMMIT_EDITMSG [2ms]
2024-06-17 18:31:21.441 [info] > git ls-files --stage -- /home/shivako/GitTest/.git/COMMIT_EDITMSG [1ms]
2024-06-17 18:32:02.467 [info] > git show --textconv :index.html [3ms]
2024-06-17 18:32:02.468 [info] > git ls-files --stage -- /home/shivako/GitTest/index.html [2ms]
2024-06-17 18:32:02.472 [info] > git cat-file -s d572eb30d1397477378f36bb1c74a70355e5c1ff [1ms]
2024-06-17 18:32:03.611 [info] > git show --textconv :hello_world.txt [3ms]
2024-06-17 18:32:03.612 [info] > git ls-files --stage -- /home/shivako/GitTest/hello_world.txt [2ms]
2024-06-17 18:32:03.615 [info] > git cat-file -s 8a4c7ef62ba3557f66b5feee0472fc24e179ee8c [1ms]
2024-06-17 18:32:04.266 [info] > git show --textconv :index.html [2ms]
2024-06-17 18:32:04.267 [info] > git ls-files --stage -- /home/shivako/GitTest/index.html [1ms]
2024-06-17 18:32:04.270 [info] > git cat-file -s d572eb30d1397477378f36bb1c74a70355e5c1ff [1ms]
2024-06-17 18:32:04.821 [info] > git show --textconv :README.md [11ms]
2024-06-17 18:32:04.821 [info] > git ls-files --stage -- /home/shivako/GitTest/README.md [8ms]
2024-06-17 18:32:04.825 [info] > git cat-file -s 8dcf47d369f313297d4c08c921cbff4257d95963 [1ms]
2024-06-17 18:32:05.628 [info] > git show --textconv :index.html [2ms]
2024-06-17 18:32:05.629 [info] > git ls-files --stage -- /home/shivako/GitTest/index.html [1ms]
2024-06-17 18:32:05.632 [info] > git cat-file -s d572eb30d1397477378f36bb1c74a70355e5c1ff [1ms]
2024-06-17 18:32:07.079 [info] > git show --textconv :style.css [2ms]
2024-06-17 18:32:07.080 [info] > git ls-files --stage -- /home/shivako/GitTest/style.css [1ms]
2024-06-17 18:32:07.083 [info] > git cat-file -s e69de29bb2d1d6434b8b29ae775ad8c2e48c5391 [1ms]
2024-06-17 18:32:08.092 [info] > git show --textconv :README.md [2ms]
2024-06-17 18:32:08.093 [info] > git ls-files --stage -- /home/shivako/GitTest/README.md [1ms]
2024-06-17 18:32:08.096 [info] > git cat-file -s 8dcf47d369f313297d4c08c921cbff4257d95963 [1ms]
2024-06-17 18:32:09.398 [info] > git show --textconv :index.html [3ms]
2024-06-17 18:32:09.399 [info] > git ls-files --stage -- /home/shivako/GitTest/index.html [2ms]
2024-06-17 18:32:09.402 [info] > git cat-file -s d572eb30d1397477378f36bb1c74a70355e5c1ff [1ms]
2024-06-17 18:32:10.243 [info] > git show --textconv :hello_world.txt [3ms]
2024-06-17 18:32:10.244 [info] > git ls-files --stage -- /home/shivako/GitTest/hello_world.txt [1ms]
2024-06-17 18:32:10.247 [info] > git cat-file -s 8a4c7ef62ba3557f66b5feee0472fc24e179ee8c [1ms]
2024-06-17 18:35:33.449 [info] > git check-ignore -v -z --stdin [20ms]
2024-06-17 18:42:15.944 [info] > git config --get commit.template [4ms]
2024-06-17 18:42:15.946 [info] > git for-each-ref --format=%(refname)%00%(upstream:short)%00%(objectname)%00%(upstream:track)%00%(upstream:remotename)%00%(upstream:remoteref) refs/heads/main refs/remotes/main [3ms]
2024-06-17 18:42:15.953 [info] > git status -z -uall [3ms]
2024-06-17 18:42:15.961 [info] > git merge-base refs/heads/main refs/remotes/origin/main [3ms]
2024-06-17 18:42:15.967 [info] > git rev-list --count --left-right refs/heads/main...refs/remotes/origin/main [3ms]
2024-06-17 18:42:15.973 [info] > git diff --name-status -z --diff-filter=ADMR 3cdf21340596f1ca9ce8a21416add4e5028124a7...refs/remotes/origin/main [2ms]
2024-06-17 18:42:28.043 [info] > git config --get commit.template [4ms]
2024-06-17 18:42:28.045 [info] > git for-each-ref --format=%(refname)%00%(upstream:short)%00%(objectname)%00%(upstream:track)%00%(upstream:remotename)%00%(upstream:remoteref) refs/heads/main refs/remotes/main [2ms]
2024-06-17 18:42:28.049 [info] > git status -z -uall [1ms]
2024-06-17 18:42:30.782 [info] > git check-ignore -v -z --stdin [1ms]
2024-06-17 18:42:31.248 [info] > git show --textconv :htmlboilerplate/index.html [2ms]
2024-06-17 18:42:31.249 [info] > git ls-files --stage -- /home/shivako/GitTest/htmlboilerplate/index.html [1ms]
2024-06-17 18:42:31.252 [info] > git cat-file -s e69de29bb2d1d6434b8b29ae775ad8c2e48c5391 [1ms]
2024-06-17 18:42:42.833 [info] > git merge-base refs/heads/main refs/remotes/origin/main [2ms]
2024-06-17 18:42:42.836 [info] > git rev-list --count --left-right refs/heads/main...refs/remotes/origin/main [1ms]
2024-06-17 18:42:50.832 [info] > git show --textconv :htmlboilerplate/index.html [3ms]
2024-06-17 18:42:50.832 [info] > git ls-files --stage -- /home/shivako/GitTest/htmlboilerplate/index.html [1ms]
2024-06-17 18:42:50.835 [info] > git cat-file -s e69de29bb2d1d6434b8b29ae775ad8c2e48c5391 [1ms]
2024-06-17 18:43:30.297 [info] > git ls-files --stage -- /home/shivako/GitTest/htmlboilerplate/index.html [35ms]
2024-06-17 18:43:30.302 [info] > git show --textconv :htmlboilerplate/index.html [42ms]
2024-06-17 18:43:30.302 [info] > git cat-file -s e69de29bb2d1d6434b8b29ae775ad8c2e48c5391 [1ms]
2024-06-17 18:43:37.617 [info] > git config --get commit.template [3ms]
2024-06-17 18:43:37.620 [info] > git for-each-ref --format=%(refname)%00%(upstream:short)%00%(objectname)%00%(upstream:track)%00%(upstream:remotename)%00%(upstream:remoteref) refs/heads/main refs/remotes/main [4ms]
2024-06-17 18:43:37.625 [info] > git status -z -uall [2ms]
2024-06-17 18:52:57.655 [info] > git show --textconv :.vscode/launch.json [3ms]
2024-06-17 18:52:57.656 [info] > git ls-files --stage -- /home/shivako/GitTest/.vscode/launch.json [2ms]
2024-06-17 18:52:57.794 [info] > git check-ignore -v -z --stdin [1ms]
2024-06-17 18:52:58.353 [info] > git config --get commit.template [3ms]
2024-06-17 18:52:58.354 [info] > git for-each-ref --format=%(refname)%00%(upstream:short)%00%(objectname)%00%(upstream:track)%00%(upstream:remotename)%00%(upstream:remoteref) refs/heads/main refs/remotes/main [1ms]
2024-06-17 18:52:58.357 [info] > git status -z -uall [1ms]
2024-06-17 18:53:38.857 [info] > git show --textconv :htmlboilerplate/index.html [3ms]
2024-06-17 18:53:38.857 [info] > git ls-files --stage -- /home/shivako/GitTest/htmlboilerplate/index.html [2ms]
2024-06-17 18:53:38.860 [info] > git cat-file -s e69de29bb2d1d6434b8b29ae775ad8c2e48c5391 [1ms]
