2024-06-17 18:20:06.925 [info] Log level: Info
2024-06-17 18:20:06.925 [info] Validating found git in: "git"
2024-06-17 18:20:06.925 [info] Using git "2.45.2" from "git"
2024-06-17 18:20:06.925 [info] > git rev-parse --show-toplevel [2ms]
2024-06-17 18:20:06.925 [info] > git rev-parse --git-dir --git-common-dir [1ms]
2024-06-17 18:20:06.925 [info] Open repository: /home/shivako/GitTest
2024-06-17 18:20:06.925 [info] > git config --get commit.template [4ms]
2024-06-17 18:20:06.925 [info] > git for-each-ref --format=%(refname)%00%(upstream:short)%00%(objectname)%00%(upstream:track)%00%(upstream:remotename)%00%(upstream:remoteref) refs/heads/main refs/remotes/main [39ms]
2024-06-17 18:20:06.930 [warning] ENOENT: no such file or directory, open '/home/shivako/GitTest/.git/refs/remotes/origin/main'
2024-06-17 18:20:06.932 [info] > git rev-parse refs/remotes/origin/main [3ms]
2024-06-17 18:20:06.940 [info] > git status -z -uall [5ms]
2024-06-17 18:20:06.951 [info] > git merge-base refs/heads/main refs/remotes/origin/main [8ms]
2024-06-17 18:20:06.957 [info] > git config --get commit.template [5ms]
2024-06-17 18:20:06.957 [info] > git rev-list --count --left-right refs/heads/main...refs/remotes/origin/main [3ms]
2024-06-17 18:20:06.979 [info] > git diff --name-status -z --diff-filter=ADMR 8e5489e547ed0b00a4669b0f7eff06b9d43c899c...refs/remotes/origin/main [20ms]
2024-06-17 18:20:06.981 [info] > git for-each-ref --format=%(refname)%00%(upstream:short)%00%(objectname)%00%(upstream:track)%00%(upstream:remotename)%00%(upstream:remoteref) refs/heads/main refs/remotes/main [2ms]
2024-06-17 18:20:06.983 [warning] ENOENT: no such file or directory, open '/home/shivako/GitTest/.git/refs/remotes/origin/main'
2024-06-17 18:20:06.985 [info] > git rev-parse refs/remotes/origin/main [2ms]
2024-06-17 18:20:06.988 [info] > git status -z -uall [1ms]
2024-06-17 18:20:07.422 [info] > git check-ignore -v -z --stdin [2ms]
2024-06-17 18:20:07.671 [info] > git show --textconv :index.html [3ms]
2024-06-17 18:20:07.672 [info] > git ls-files --stage -- /home/shivako/GitTest/index.html [1ms]
2024-06-17 18:20:07.676 [info] > git cat-file -s e69de29bb2d1d6434b8b29ae775ad8c2e48c5391 [1ms]
2024-06-17 18:20:37.814 [info] > git merge-base refs/heads/main refs/remotes/origin/main [1ms]
2024-06-17 18:20:37.817 [info] > git rev-list --count --left-right refs/heads/main...refs/remotes/origin/main [1ms]
2024-06-17 18:20:42.203 [info] > git show --textconv HEAD:style.css [11ms]
2024-06-17 18:20:42.203 [info] > git show --textconv :style.css [8ms]
2024-06-17 18:20:42.203 [info] > git ls-tree -l HEAD -- /home/shivako/GitTest/style.css [5ms]
2024-06-17 18:20:42.205 [info] > git ls-files --stage -- /home/shivako/GitTest/style.css [3ms]
2024-06-17 18:20:42.208 [info] > git cat-file -s e69de29bb2d1d6434b8b29ae775ad8c2e48c5391 [1ms]
2024-06-17 18:20:42.706 [info] > git check-ignore -v -z --stdin [1ms]
2024-06-17 18:20:43.676 [info] > git show --textconv HEAD:index.html [10ms]
2024-06-17 18:20:43.676 [info] > git show --textconv :index.html [8ms]
2024-06-17 18:20:43.676 [info] > git ls-files --stage -- /home/shivako/GitTest/index.html [3ms]
2024-06-17 18:20:43.678 [info] > git ls-tree -l HEAD -- /home/shivako/GitTest/index.html [7ms]
2024-06-17 18:20:43.679 [info] > git cat-file -s e69de29bb2d1d6434b8b29ae775ad8c2e48c5391 [1ms]
2024-06-17 18:20:44.127 [info] > git show --textconv HEAD:style.css [8ms]
2024-06-17 18:20:44.127 [info] > git show --textconv :style.css [6ms]
2024-06-17 18:20:44.127 [info] > git ls-tree -l HEAD -- /home/shivako/GitTest/style.css [4ms]
2024-06-17 18:20:44.128 [info] > git ls-files --stage -- /home/shivako/GitTest/style.css [2ms]
2024-06-17 18:20:44.132 [info] > git cat-file -s e69de29bb2d1d6434b8b29ae775ad8c2e48c5391 [2ms]
2024-06-17 18:20:44.178 [info] > git check-ignore -v -z --stdin [1ms]
2024-06-17 18:20:45.044 [info] > git show --textconv HEAD:index.html [7ms]
2024-06-17 18:20:45.045 [info] > git show --textconv :index.html [5ms]
2024-06-17 18:20:45.045 [info] > git ls-tree -l HEAD -- /home/shivako/GitTest/index.html [3ms]
2024-06-17 18:20:45.046 [info] > git ls-files --stage -- /home/shivako/GitTest/index.html [3ms]
2024-06-17 18:20:45.050 [info] > git cat-file -s e69de29bb2d1d6434b8b29ae775ad8c2e48c5391 [1ms]
2024-06-17 18:20:47.909 [info] > git show --textconv :index.html [4ms]
2024-06-17 18:20:47.909 [info] > git ls-files --stage -- /home/shivako/GitTest/index.html [1ms]
2024-06-17 18:20:47.913 [info] > git cat-file -s e69de29bb2d1d6434b8b29ae775ad8c2e48c5391 [1ms]
2024-06-17 18:20:52.109 [info] > git show --textconv :index.html [2ms]
2024-06-17 18:20:52.109 [info] > git ls-files --stage -- /home/shivako/GitTest/index.html [1ms]
2024-06-17 18:20:52.112 [info] > git cat-file -s e69de29bb2d1d6434b8b29ae775ad8c2e48c5391 [1ms]
