2024-06-17 17:16:11.226 [info] Log level: Info
2024-06-17 17:16:11.226 [info] Validating found git in: "git"
2024-06-17 17:16:11.226 [info] Using git "2.45.2" from "git"
2024-06-17 17:16:11.226 [info] > git rev-parse --show-toplevel [2ms]
2024-06-17 17:16:11.226 [info] > git rev-parse --git-dir --git-common-dir [1ms]
2024-06-17 17:16:11.226 [info] Open repository: /home/shivako/repos/GitTest
2024-06-17 17:16:11.226 [info] > git config --get commit.template [2ms]
2024-06-17 17:16:11.233 [info] > git for-each-ref --format=%(refname)%00%(upstream:short)%00%(objectname)%00%(upstream:track)%00%(upstream:remotename)%00%(upstream:remoteref) refs/heads/main refs/remotes/main [1ms]
2024-06-17 17:16:11.237 [info] > git status -z -uall [2ms]
2024-06-17 17:16:11.244 [info] > git merge-base refs/heads/main refs/remotes/origin/main [5ms]
2024-06-17 17:16:11.247 [info] > git config --get commit.template [4ms]
2024-06-17 17:16:11.248 [info] > git rev-list --count --left-right refs/heads/main...refs/remotes/origin/main [2ms]
2024-06-17 17:16:11.253 [info] > git diff --name-status -z --diff-filter=ADMR 8e5489e547ed0b00a4669b0f7eff06b9d43c899c...refs/remotes/origin/main [3ms]
2024-06-17 17:16:11.254 [info] > git for-each-ref --format=%(refname)%00%(upstream:short)%00%(objectname)%00%(upstream:track)%00%(upstream:remotename)%00%(upstream:remoteref) refs/heads/main refs/remotes/main [2ms]
2024-06-17 17:16:11.259 [info] > git status -z -uall [1ms]
2024-06-17 17:16:11.878 [info] > git check-ignore -v -z --stdin [1ms]
2024-06-17 17:16:12.059 [info] > git show --textconv :index.html [2ms]
2024-06-17 17:16:12.060 [info] > git ls-files --stage -- /home/shivako/repos/GitTest/index.html [1ms]
2024-06-17 17:16:12.063 [info] > git cat-file -s 9bfbe8983f47063e700e75e9704c6f10c51807cb [2ms]
2024-06-17 17:16:38.436 [info] > git show --textconv :.vscode/launch.json [3ms]
2024-06-17 17:16:38.437 [info] > git ls-files --stage -- /home/shivako/repos/GitTest/.vscode/launch.json [3ms]
2024-06-17 17:16:38.514 [info] > git check-ignore -v -z --stdin [1ms]
2024-06-17 17:16:39.138 [info] > git config --get commit.template [3ms]
2024-06-17 17:16:39.139 [info] > git for-each-ref --format=%(refname)%00%(upstream:short)%00%(objectname)%00%(upstream:track)%00%(upstream:remotename)%00%(upstream:remoteref) refs/heads/main refs/remotes/main [2ms]
2024-06-17 17:16:39.143 [info] > git status -z -uall [1ms]
2024-06-17 17:17:00.134 [info] > git show --textconv :index.html [3ms]
2024-06-17 17:17:00.135 [info] > git ls-files --stage -- /home/shivako/repos/GitTest/index.html [1ms]
2024-06-17 17:17:00.138 [info] > git cat-file -s 9bfbe8983f47063e700e75e9704c6f10c51807cb [1ms]
2024-06-17 17:17:01.882 [info] > git merge-base refs/heads/main refs/remotes/origin/main [1ms]
2024-06-17 17:17:01.885 [info] > git rev-list --count --left-right refs/heads/main...refs/remotes/origin/main [1ms]
2024-06-17 17:17:20.047 [info] > git config --get commit.template [4ms]
2024-06-17 17:17:20.047 [info] > git for-each-ref --format=%(refname)%00%(upstream:short)%00%(objectname)%00%(upstream:track)%00%(upstream:remotename)%00%(upstream:remoteref) refs/heads/main refs/remotes/main [2ms]
2024-06-17 17:17:20.052 [info] > git status -z -uall [2ms]
2024-06-17 17:18:40.267 [info] > git show --textconv :.vscode/launch.json [22ms]
2024-06-17 17:18:40.269 [info] > git ls-files --stage -- /home/shivako/repos/GitTest/.vscode/launch.json [21ms]
2024-06-17 17:18:41.527 [info] > git ls-files --stage -- /home/shivako/repos/GitTest/index.html [1ms]
2024-06-17 17:18:41.529 [info] > git show --textconv :index.html [6ms]
2024-06-17 17:18:41.530 [info] > git cat-file -s 9bfbe8983f47063e700e75e9704c6f10c51807cb [1ms]
2024-06-17 17:18:43.741 [info] > git show --textconv :.vscode/launch.json [2ms]
2024-06-17 17:18:43.741 [info] > git ls-files --stage -- /home/shivako/repos/GitTest/.vscode/launch.json [1ms]
2024-06-17 17:18:44.805 [info] > git show --textconv :index.html [2ms]
2024-06-17 17:18:44.806 [info] > git ls-files --stage -- /home/shivako/repos/GitTest/index.html [1ms]
2024-06-17 17:18:44.809 [info] > git cat-file -s 9bfbe8983f47063e700e75e9704c6f10c51807cb [1ms]
2024-06-17 17:19:16.341 [info] > git show --textconv :hello_world.txt [3ms]
2024-06-17 17:19:16.341 [info] > git ls-files --stage -- /home/shivako/repos/GitTest/hello_world.txt [1ms]
2024-06-17 17:19:16.344 [info] > git cat-file -s 8a4c7ef62ba3557f66b5feee0472fc24e179ee8c [1ms]
2024-06-17 17:19:19.486 [info] > git show --textconv :README.md [14ms]
2024-06-17 17:19:19.486 [info] > git ls-files --stage -- /home/shivako/repos/GitTest/README.md [11ms]
2024-06-17 17:19:19.491 [info] > git cat-file -s 8dcf47d369f313297d4c08c921cbff4257d95963 [2ms]
2024-06-17 17:19:22.042 [info] > git show --textconv :index.html [2ms]
2024-06-17 17:19:22.042 [info] > git ls-files --stage -- /home/shivako/repos/GitTest/index.html [1ms]
2024-06-17 17:19:22.045 [info] > git cat-file -s 9bfbe8983f47063e700e75e9704c6f10c51807cb [1ms]
2024-06-17 17:19:46.624 [info] > git log --format=%H%n%aN%n%aE%n%at%n%ct%n%P%n%D%n%B -z --shortstat --diff-merges=first-parent --author-date-order 8e5489e547ed0b00a4669b0f7eff06b9d43c899c..269060ee24ea7898c860ce039340060d5b0a27f7 [10ms]
2024-06-17 17:19:48.320 [info] > git diff --name-status -z --diff-filter=ADMR 8e5489e547ed0b00a4669b0f7eff06b9d43c899c...269060ee24ea7898c860ce039340060d5b0a27f7 [2ms]
2024-06-17 17:19:48.875 [info] > git check-ignore -v -z --stdin [2ms]
2024-06-17 17:19:49.283 [info] > git show --textconv 8e5489e547ed0b00a4669b0f7eff06b9d43c899c:index.html [9ms]
2024-06-17 17:19:49.283 [info] > git show --textconv 269060ee24ea7898c860ce039340060d5b0a27f7:index.html [7ms]
2024-06-17 17:19:49.283 [info] > git ls-tree -l 8e5489e547ed0b00a4669b0f7eff06b9d43c899c -- /home/shivako/repos/GitTest/index.html [4ms]
2024-06-17 17:19:49.285 [info] > git ls-tree -l 269060ee24ea7898c860ce039340060d5b0a27f7 -- /home/shivako/repos/GitTest/index.html [4ms]
2024-06-17 17:19:49.786 [info] > git check-ignore -v -z --stdin [1ms]
2024-06-17 17:19:59.965 [info] > git ls-tree -l 8e5489e547ed0b00a4669b0f7eff06b9d43c899c -- /home/shivako/repos/GitTest/index.html [3ms]
2024-06-17 17:19:59.966 [info] > git ls-tree -l 269060ee24ea7898c860ce039340060d5b0a27f7 -- /home/shivako/repos/GitTest/index.html [1ms]
2024-06-17 17:20:00.814 [info] > git show --textconv HEAD:.vscode/launch.json [4ms]
2024-06-17 17:20:00.815 [info] > git ls-tree -l HEAD -- /home/shivako/repos/GitTest/.vscode/launch.json [3ms]
2024-06-17 17:20:06.500 [info] > git ls-tree -l HEAD -- /home/shivako/repos/GitTest/.vscode/launch.json [4ms]
2024-06-17 17:20:06.500 [info] > git clean -f -q -- /home/shivako/repos/GitTest/.vscode/launch.json [1ms]
2024-06-17 17:20:06.509 [info] > git checkout -q [6ms]
2024-06-17 17:20:06.516 [info] > git config --get commit.template [3ms]
2024-06-17 17:20:06.522 [info] > git for-each-ref --format=%(refname)%00%(upstream:short)%00%(objectname)%00%(upstream:track)%00%(upstream:remotename)%00%(upstream:remoteref) refs/heads/main refs/remotes/main [1ms]
2024-06-17 17:20:06.528 [info] > git status -z -uall [1ms]
2024-06-17 17:20:07.589 [info] > git config --get commit.template [3ms]
2024-06-17 17:20:07.589 [info] > git for-each-ref --format=%(refname)%00%(upstream:short)%00%(objectname)%00%(upstream:track)%00%(upstream:remotename)%00%(upstream:remoteref) refs/heads/main refs/remotes/main [1ms]
2024-06-17 17:20:07.593 [info] > git status -z -uall [1ms]
2024-06-17 17:20:07.690 [info] > git ls-tree -l HEAD -- /home/shivako/repos/GitTest/.vscode/launch.json [1ms]
2024-06-17 17:20:07.697 [info] > git show --textconv HEAD:.vscode/launch.json [1ms]
2024-06-17 17:20:09.946 [info] > git show --textconv 8e5489e547ed0b00a4669b0f7eff06b9d43c899c:index.html [9ms]
2024-06-17 17:20:09.946 [info] > git show --textconv 269060ee24ea7898c860ce039340060d5b0a27f7:index.html [6ms]
2024-06-17 17:20:09.946 [info] > git ls-tree -l 8e5489e547ed0b00a4669b0f7eff06b9d43c899c -- /home/shivako/repos/GitTest/index.html [3ms]
2024-06-17 17:20:09.948 [info] > git ls-tree -l 269060ee24ea7898c860ce039340060d5b0a27f7 -- /home/shivako/repos/GitTest/index.html [2ms]
2024-06-17 17:20:12.602 [info] > git config --get commit.template [2ms]
2024-06-17 17:20:12.602 [info] > git for-each-ref --format=%(refname)%00%(upstream:short)%00%(objectname)%00%(upstream:track)%00%(upstream:remotename)%00%(upstream:remoteref) refs/heads/main refs/remotes/main [1ms]
2024-06-17 17:20:12.607 [info] > git status -z -uall [1ms]
2024-06-17 17:20:13.149 [info] > git ls-tree -l 269060ee24ea7898c860ce039340060d5b0a27f7 -- /home/shivako/repos/GitTest/index.html [1ms]
2024-06-17 17:20:13.724 [info] > git ls-tree -l 269060ee24ea7898c860ce039340060d5b0a27f7 -- /home/shivako/repos/GitTest/index.html [1ms]
2024-06-17 17:20:22.051 [info] > git ls-tree -l 8e5489e547ed0b00a4669b0f7eff06b9d43c899c -- /home/shivako/repos/GitTest/index.html [3ms]
2024-06-17 17:20:22.052 [info] > git ls-tree -l 269060ee24ea7898c860ce039340060d5b0a27f7 -- /home/shivako/repos/GitTest/index.html [2ms]
2024-06-17 17:20:57.311 [info] > git ls-tree -l 8e5489e547ed0b00a4669b0f7eff06b9d43c899c -- /home/shivako/repos/GitTest/index.html [3ms]
2024-06-17 17:20:57.312 [info] > git ls-tree -l 269060ee24ea7898c860ce039340060d5b0a27f7 -- /home/shivako/repos/GitTest/index.html [1ms]
2024-06-17 17:21:08.885 [info] > git show --textconv :.vscode/launch.json [3ms]
2024-06-17 17:21:08.886 [info] > git ls-files --stage -- /home/shivako/repos/GitTest/.vscode/launch.json [1ms]
2024-06-17 17:21:09.558 [info] > git config --get commit.template [2ms]
2024-06-17 17:21:09.558 [info] > git for-each-ref --format=%(refname)%00%(upstream:short)%00%(objectname)%00%(upstream:track)%00%(upstream:remotename)%00%(upstream:remoteref) refs/heads/main refs/remotes/main [1ms]
2024-06-17 17:21:09.563 [info] > git status -z -uall [1ms]
2024-06-17 17:21:20.898 [info] > git ls-tree -l 8e5489e547ed0b00a4669b0f7eff06b9d43c899c -- /home/shivako/repos/GitTest/index.html [3ms]
2024-06-17 17:21:20.899 [info] > git ls-tree -l 269060ee24ea7898c860ce039340060d5b0a27f7 -- /home/shivako/repos/GitTest/index.html [2ms]
2024-06-17 17:21:22.172 [info] > git show --textconv :.vscode/launch.json [3ms]
2024-06-17 17:21:22.172 [info] > git ls-files --stage -- /home/shivako/repos/GitTest/.vscode/launch.json [1ms]
2024-06-17 17:21:22.754 [info] > git ls-tree -l 269060ee24ea7898c860ce039340060d5b0a27f7 -- /home/shivako/repos/GitTest/index.html [3ms]
2024-06-17 17:21:22.754 [info] > git ls-tree -l 8e5489e547ed0b00a4669b0f7eff06b9d43c899c -- /home/shivako/repos/GitTest/index.html [5ms]
2024-06-17 17:21:38.610 [info] > git ls-tree -l 8e5489e547ed0b00a4669b0f7eff06b9d43c899c -- /home/shivako/repos/GitTest/index.html [4ms]
2024-06-17 17:21:38.611 [info] > git ls-tree -l 269060ee24ea7898c860ce039340060d5b0a27f7 -- /home/shivako/repos/GitTest/index.html [1ms]
2024-06-17 17:21:39.772 [info] > git config --get commit.template [4ms]
2024-06-17 17:21:39.773 [info] > git for-each-ref --format=%(refname)%00%(upstream:short)%00%(objectname)%00%(upstream:track)%00%(upstream:remotename)%00%(upstream:remoteref) refs/heads/main refs/remotes/main [1ms]
2024-06-17 17:21:39.777 [info] > git status -z -uall [2ms]
2024-06-17 17:21:43.153 [info] > git show --textconv :index.html [2ms]
2024-06-17 17:21:43.154 [info] > git ls-files --stage -- /home/shivako/repos/GitTest/index.html [1ms]
2024-06-17 17:21:43.157 [info] > git cat-file -s 9bfbe8983f47063e700e75e9704c6f10c51807cb [1ms]
