2024-06-17 17:04:29.460 [info] Extension host with pid 443 started
2024-06-17 17:04:29.497 [info] ExtensionService#_doActivateExtension vscode.emmet, startup: false, activationEvent: 'onLanguage'
2024-06-17 17:04:29.498 [info] ExtensionService#_doActivateExtension vscode.html-language-features, startup: false, activationEvent: 'onLanguage:html'
2024-06-17 17:04:29.702 [info] Lock '/home/shivako/.vscode-server/data/User/workspaceStorage/890816e2965d31980b47bd3a4af7cc6e/vscode.lock': Lock acquired.
2024-06-17 17:04:30.409 [info] ExtensionService#_doActivateExtension vscode.git-base, startup: true, activationEvent: '*', root cause: vscode.git
2024-06-17 17:04:30.436 [info] ExtensionService#_doActivateExtension vscode.git, startup: true, activationEvent: '*'
2024-06-17 17:04:30.436 [info] ExtensionService#_doActivateExtension vscode.github, startup: true, activationEvent: '*'
2024-06-17 17:04:30.590 [info] Eager extensions activated
2024-06-17 17:04:30.590 [info] ExtensionService#_doActivateExtension vscode.debug-auto-launch, startup: false, activationEvent: 'onStartupFinished'
2024-06-17 17:04:30.591 [info] ExtensionService#_doActivateExtension vscode.merge-conflict, startup: false, activationEvent: 'onStartupFinished'
2024-06-17 17:04:54.900 [info] ExtensionService#_doActivateExtension vscode.debug-server-ready, startup: false, activationEvent: 'onDebugResolve'
2024-06-17 17:04:54.900 [info] ExtensionService#_doActivateExtension ms-vscode.js-debug, startup: false, activationEvent: 'onDebugResolve:pwa-chrome'
2024-06-17 17:04:55.117 [info] ExtensionService#_doActivateExtension vscode.tunnel-forwarding, startup: false, activationEvent: 'onTunnel'
2024-06-17 17:08:54.598 [error] Error: Invalid debug adapter
    at l.p (vscode-file://vscode-app/c:/Users/Ako17/AppData/Local/Programs/Microsoft%20VS%20Code/resources/app/out/vs/workbench/workbench.desktop.main.js:1769:95)
    at l.$acceptDAMessage (vscode-file://vscode-app/c:/Users/Ako17/AppData/Local/Programs/Microsoft%20VS%20Code/resources/app/out/vs/workbench/workbench.desktop.main.js:1768:16368)
    at y.S (vscode-file://vscode-app/c:/Users/Ako17/AppData/Local/Programs/Microsoft%20VS%20Code/resources/app/out/vs/workbench/workbench.desktop.main.js:1658:14598)
    at y.Q (vscode-file://vscode-app/c:/Users/Ako17/AppData/Local/Programs/Microsoft%20VS%20Code/resources/app/out/vs/workbench/workbench.desktop.main.js:1658:14364)
    at y.M (vscode-file://vscode-app/c:/Users/Ako17/AppData/Local/Programs/Microsoft%20VS%20Code/resources/app/out/vs/workbench/workbench.desktop.main.js:1658:13397)
    at y.L (vscode-file://vscode-app/c:/Users/Ako17/AppData/Local/Programs/Microsoft%20VS%20Code/resources/app/out/vs/workbench/workbench.desktop.main.js:1658:12232)
    at u.value (vscode-file://vscode-app/c:/Users/Ako17/AppData/Local/Programs/Microsoft%20VS%20Code/resources/app/out/vs/workbench/workbench.desktop.main.js:1658:10928)
    at h.y (vscode-file://vscode-app/c:/Users/Ako17/AppData/Local/Programs/Microsoft%20VS%20Code/resources/app/out/vs/workbench/workbench.desktop.main.js:89:659)
    at h.fire (vscode-file://vscode-app/c:/Users/Ako17/AppData/Local/Programs/Microsoft%20VS%20Code/resources/app/out/vs/workbench/workbench.desktop.main.js:89:876)
    at r.fire (vscode-file://vscode-app/c:/Users/Ako17/AppData/Local/Programs/Microsoft%20VS%20Code/resources/app/out/vs/workbench/workbench.desktop.main.js:615:14848)
    at d.z (vscode-file://vscode-app/c:/Users/Ako17/AppData/Local/Programs/Microsoft%20VS%20Code/resources/app/out/vs/workbench/workbench.desktop.main.js:615:17984)
    at u.value (vscode-file://vscode-app/c:/Users/Ako17/AppData/Local/Programs/Microsoft%20VS%20Code/resources/app/out/vs/workbench/workbench.desktop.main.js:615:16365)
    at h.y (vscode-file://vscode-app/c:/Users/Ako17/AppData/Local/Programs/Microsoft%20VS%20Code/resources/app/out/vs/workbench/workbench.desktop.main.js:89:659)
    at h.fire (vscode-file://vscode-app/c:/Users/Ako17/AppData/Local/Programs/Microsoft%20VS%20Code/resources/app/out/vs/workbench/workbench.desktop.main.js:89:876)
    at c.acceptChunk (vscode-file://vscode-app/c:/Users/Ako17/AppData/Local/Programs/Microsoft%20VS%20Code/resources/app/out/vs/workbench/workbench.desktop.main.js:615:12594)
    at vscode-file://vscode-app/c:/Users/Ako17/AppData/Local/Programs/Microsoft%20VS%20Code/resources/app/out/vs/workbench/workbench.desktop.main.js:615:11864
    at u.value (vscode-file://vscode-app/c:/Users/Ako17/AppData/Local/Programs/Microsoft%20VS%20Code/resources/app/out/vs/workbench/workbench.desktop.main.js:689:5135)
    at h.y (vscode-file://vscode-app/c:/Users/Ako17/AppData/Local/Programs/Microsoft%20VS%20Code/resources/app/out/vs/workbench/workbench.desktop.main.js:89:659)
    at h.fire (vscode-file://vscode-app/c:/Users/Ako17/AppData/Local/Programs/Microsoft%20VS%20Code/resources/app/out/vs/workbench/workbench.desktop.main.js:89:876)
    at j.onload (vscode-file://vscode-app/c:/Users/Ako17/AppData/Local/Programs/Microsoft%20VS%20Code/resources/app/out/vs/workbench/workbench.desktop.main.js:689:3364)
2024-06-17 17:08:54.598 [error] Error: Invalid debug adapter
    at l.p (vscode-file://vscode-app/c:/Users/Ako17/AppData/Local/Programs/Microsoft%20VS%20Code/resources/app/out/vs/workbench/workbench.desktop.main.js:1769:95)
    at l.$acceptDAMessage (vscode-file://vscode-app/c:/Users/Ako17/AppData/Local/Programs/Microsoft%20VS%20Code/resources/app/out/vs/workbench/workbench.desktop.main.js:1768:16368)
    at y.S (vscode-file://vscode-app/c:/Users/Ako17/AppData/Local/Programs/Microsoft%20VS%20Code/resources/app/out/vs/workbench/workbench.desktop.main.js:1658:14598)
    at y.Q (vscode-file://vscode-app/c:/Users/Ako17/AppData/Local/Programs/Microsoft%20VS%20Code/resources/app/out/vs/workbench/workbench.desktop.main.js:1658:14364)
    at y.M (vscode-file://vscode-app/c:/Users/Ako17/AppData/Local/Programs/Microsoft%20VS%20Code/resources/app/out/vs/workbench/workbench.desktop.main.js:1658:13397)
    at y.L (vscode-file://vscode-app/c:/Users/Ako17/AppData/Local/Programs/Microsoft%20VS%20Code/resources/app/out/vs/workbench/workbench.desktop.main.js:1658:12232)
    at u.value (vscode-file://vscode-app/c:/Users/Ako17/AppData/Local/Programs/Microsoft%20VS%20Code/resources/app/out/vs/workbench/workbench.desktop.main.js:1658:10928)
    at h.y (vscode-file://vscode-app/c:/Users/Ako17/AppData/Local/Programs/Microsoft%20VS%20Code/resources/app/out/vs/workbench/workbench.desktop.main.js:89:659)
    at h.fire (vscode-file://vscode-app/c:/Users/Ako17/AppData/Local/Programs/Microsoft%20VS%20Code/resources/app/out/vs/workbench/workbench.desktop.main.js:89:876)
    at r.fire (vscode-file://vscode-app/c:/Users/Ako17/AppData/Local/Programs/Microsoft%20VS%20Code/resources/app/out/vs/workbench/workbench.desktop.main.js:615:14848)
    at d.z (vscode-file://vscode-app/c:/Users/Ako17/AppData/Local/Programs/Microsoft%20VS%20Code/resources/app/out/vs/workbench/workbench.desktop.main.js:615:17984)
    at u.value (vscode-file://vscode-app/c:/Users/Ako17/AppData/Local/Programs/Microsoft%20VS%20Code/resources/app/out/vs/workbench/workbench.desktop.main.js:615:16365)
    at h.y (vscode-file://vscode-app/c:/Users/Ako17/AppData/Local/Programs/Microsoft%20VS%20Code/resources/app/out/vs/workbench/workbench.desktop.main.js:89:659)
    at h.fire (vscode-file://vscode-app/c:/Users/Ako17/AppData/Local/Programs/Microsoft%20VS%20Code/resources/app/out/vs/workbench/workbench.desktop.main.js:89:876)
    at c.acceptChunk (vscode-file://vscode-app/c:/Users/Ako17/AppData/Local/Programs/Microsoft%20VS%20Code/resources/app/out/vs/workbench/workbench.desktop.main.js:615:12594)
    at vscode-file://vscode-app/c:/Users/Ako17/AppData/Local/Programs/Microsoft%20VS%20Code/resources/app/out/vs/workbench/workbench.desktop.main.js:615:11864
    at u.value (vscode-file://vscode-app/c:/Users/Ako17/AppData/Local/Programs/Microsoft%20VS%20Code/resources/app/out/vs/workbench/workbench.desktop.main.js:689:5135)
    at h.y (vscode-file://vscode-app/c:/Users/Ako17/AppData/Local/Programs/Microsoft%20VS%20Code/resources/app/out/vs/workbench/workbench.desktop.main.js:89:659)
    at h.fire (vscode-file://vscode-app/c:/Users/Ako17/AppData/Local/Programs/Microsoft%20VS%20Code/resources/app/out/vs/workbench/workbench.desktop.main.js:89:876)
    at j.onload (vscode-file://vscode-app/c:/Users/Ako17/AppData/Local/Programs/Microsoft%20VS%20Code/resources/app/out/vs/workbench/workbench.desktop.main.js:689:3364)
2024-06-17 17:16:05.281 [info] Extension host terminating: received terminate message from renderer
2024-06-17 17:16:05.282 [info] Lock '/home/shivako/.vscode-server/data/User/workspaceStorage/890816e2965d31980b47bd3a4af7cc6e/vscode.lock': Marking the lockfile as scheduled to be released in 6000 ms.
2024-06-17 17:16:05.331 [error] Canceled: Canceled
	at new A (/home/shivako/.vscode-server/bin/611f9bfce64f25108829dd295f54a6894e87339d/out/vs/workbench/api/node/extensionHostProcess.js:145:50615)
	at E.U (/home/shivako/.vscode-server/bin/611f9bfce64f25108829dd295f54a6894e87339d/out/vs/workbench/api/node/extensionHostProcess.js:152:6007)
	at z.<computed>.M.charCodeAt.R.CharCode.DollarSign.z.<computed> (/home/shivako/.vscode-server/bin/611f9bfce64f25108829dd295f54a6894e87339d/out/vs/workbench/api/node/extensionHostProcess.js:152:3091)
	at h.g (/home/shivako/.vscode-server/bin/611f9bfce64f25108829dd295f54a6894e87339d/out/vs/workbench/api/node/extensionHostProcess.js:155:199935)
	at h.executeCommand (/home/shivako/.vscode-server/bin/611f9bfce64f25108829dd295f54a6894e87339d/out/vs/workbench/api/node/extensionHostProcess.js:155:199373)
	at I.registerCommand.description (/home/shivako/.vscode-server/bin/611f9bfce64f25108829dd295f54a6894e87339d/out/vs/workbench/api/node/extensionHostProcess.js:155:198697)
	at h (/home/shivako/.vscode-server/bin/611f9bfce64f25108829dd295f54a6894e87339d/out/vs/workbench/api/node/extensionHostProcess.js:155:200474)
	at h.g (/home/shivako/.vscode-server/bin/611f9bfce64f25108829dd295f54a6894e87339d/out/vs/workbench/api/node/extensionHostProcess.js:155:199466)
	at h.executeCommand (/home/shivako/.vscode-server/bin/611f9bfce64f25108829dd295f54a6894e87339d/out/vs/workbench/api/node/extensionHostProcess.js:155:199373)
	at Object.executeCommand (/home/shivako/.vscode-server/bin/611f9bfce64f25108829dd295f54a6894e87339d/out/vs/workbench/api/node/extensionHostProcess.js:165:22742)
	at n.O [as value] (/home/shivako/.vscode-server/bin/611f9bfce64f25108829dd295f54a6894e87339d/extensions/git/dist/main.js:2:945191)
	at l.y (/home/shivako/.vscode-server/bin/611f9bfce64f25108829dd295f54a6894e87339d/out/vs/workbench/api/node/extensionHostProcess.js:82:664)
	at l.z (/home/shivako/.vscode-server/bin/611f9bfce64f25108829dd295f54a6894e87339d/out/vs/workbench/api/node/extensionHostProcess.js:82:734)
	at l.fire (/home/shivako/.vscode-server/bin/611f9bfce64f25108829dd295f54a6894e87339d/out/vs/workbench/api/node/extensionHostProcess.js:82:950)
	at Object.p [as dispose] (/home/shivako/.vscode-server/bin/611f9bfce64f25108829dd295f54a6894e87339d/extensions/git/dist/main.js:2:964275)
	at /home/shivako/.vscode-server/bin/611f9bfce64f25108829dd295f54a6894e87339d/extensions/git/dist/main.js:2:970313
	at Array.forEach (<anonymous>)
	at f.dispose (/home/shivako/.vscode-server/bin/611f9bfce64f25108829dd295f54a6894e87339d/extensions/git/dist/main.js:2:970299)
	at a.<anonymous> (/home/shivako/.vscode-server/bin/611f9bfce64f25108829dd295f54a6894e87339d/out/vs/workbench/api/node/extensionHostProcess.js:153:4032)
	at a.dispose (/home/shivako/.vscode-server/bin/611f9bfce64f25108829dd295f54a6894e87339d/out/vs/workbench/api/node/extensionHostProcess.js:153:4129)
	at a.<anonymous> (/home/shivako/.vscode-server/bin/611f9bfce64f25108829dd295f54a6894e87339d/extensions/git/dist/main.js:2:947448)
	at a.dispose (/home/shivako/.vscode-server/bin/611f9bfce64f25108829dd295f54a6894e87339d/out/vs/workbench/api/node/extensionHostProcess.js:153:4129)
	at f (/home/shivako/.vscode-server/bin/611f9bfce64f25108829dd295f54a6894e87339d/out/vs/workbench/api/node/extensionHostProcess.js:30:744)
	at u.eb (/home/shivako/.vscode-server/bin/611f9bfce64f25108829dd295f54a6894e87339d/out/vs/workbench/api/node/extensionHostProcess.js:161:9991)
	at /home/shivako/.vscode-server/bin/611f9bfce64f25108829dd295f54a6894e87339d/out/vs/workbench/api/node/extensionHostProcess.js:161:7867
	at Array.map (<anonymous>)
	at u.$ (/home/shivako/.vscode-server/bin/611f9bfce64f25108829dd295f54a6894e87339d/out/vs/workbench/api/node/extensionHostProcess.js:161:7854)
	at u.terminate (/home/shivako/.vscode-server/bin/611f9bfce64f25108829dd295f54a6894e87339d/out/vs/workbench/api/node/extensionHostProcess.js:161:8127)
	at f.terminate (/home/shivako/.vscode-server/bin/611f9bfce64f25108829dd295f54a6894e87339d/out/vs/workbench/api/node/extensionHostProcess.js:165:1513)
	at t (/home/shivako/.vscode-server/bin/611f9bfce64f25108829dd295f54a6894e87339d/out/vs/workbench/api/node/extensionHostProcess.js:178:10459)
	at n.value (/home/shivako/.vscode-server/bin/611f9bfce64f25108829dd295f54a6894e87339d/out/vs/workbench/api/node/extensionHostProcess.js:178:8427)
	at l.y (/home/shivako/.vscode-server/bin/611f9bfce64f25108829dd295f54a6894e87339d/out/vs/workbench/api/node/extensionHostProcess.js:82:664)
	at l.fire (/home/shivako/.vscode-server/bin/611f9bfce64f25108829dd295f54a6894e87339d/out/vs/workbench/api/node/extensionHostProcess.js:82:881)
	at s.fire (/home/shivako/.vscode-server/bin/611f9bfce64f25108829dd295f54a6894e87339d/out/vs/workbench/api/node/extensionHostProcess.js:107:14502)
	at h.z (/home/shivako/.vscode-server/bin/611f9bfce64f25108829dd295f54a6894e87339d/out/vs/workbench/api/node/extensionHostProcess.js:107:17638)
	at n.value (/home/shivako/.vscode-server/bin/611f9bfce64f25108829dd295f54a6894e87339d/out/vs/workbench/api/node/extensionHostProcess.js:107:16019)
	at l.y (/home/shivako/.vscode-server/bin/611f9bfce64f25108829dd295f54a6894e87339d/out/vs/workbench/api/node/extensionHostProcess.js:82:664)
	at l.fire (/home/shivako/.vscode-server/bin/611f9bfce64f25108829dd295f54a6894e87339d/out/vs/workbench/api/node/extensionHostProcess.js:82:881)
	at u.acceptChunk (/home/shivako/.vscode-server/bin/611f9bfce64f25108829dd295f54a6894e87339d/out/vs/workbench/api/node/extensionHostProcess.js:107:12248)
	at n.value (/home/shivako/.vscode-server/bin/611f9bfce64f25108829dd295f54a6894e87339d/out/vs/workbench/api/node/extensionHostProcess.js:107:11518)
	at l.y (/home/shivako/.vscode-server/bin/611f9bfce64f25108829dd295f54a6894e87339d/out/vs/workbench/api/node/extensionHostProcess.js:82:664)
	at l.fire (/home/shivako/.vscode-server/bin/611f9bfce64f25108829dd295f54a6894e87339d/out/vs/workbench/api/node/extensionHostProcess.js:82:881)
	at n.z (/home/shivako/.vscode-server/bin/611f9bfce64f25108829dd295f54a6894e87339d/out/vs/workbench/api/node/extensionHostProcess.js:175:20497)
	at n.acceptFrame (/home/shivako/.vscode-server/bin/611f9bfce64f25108829dd295f54a6894e87339d/out/vs/workbench/api/node/extensionHostProcess.js:175:20303)
	at g.n (/home/shivako/.vscode-server/bin/611f9bfce64f25108829dd295f54a6894e87339d/out/vs/workbench/api/node/extensionHostProcess.js:175:18748)
	at /home/shivako/.vscode-server/bin/611f9bfce64f25108829dd295f54a6894e87339d/out/vs/workbench/api/node/extensionHostProcess.js:175:15675
	at Socket.w (/home/shivako/.vscode-server/bin/611f9bfce64f25108829dd295f54a6894e87339d/out/vs/workbench/api/node/extensionHostProcess.js:175:13305)
	at Socket.emit (node:events:518:28)
	at addChunk (node:internal/streams/readable:559:12)
	at readableAddChunkPushByteMode (node:internal/streams/readable:510:3)
	at Readable.push (node:internal/streams/readable:390:5)
	at TCP.onStreamRead (node:internal/stream_base_commons:190:23) setContext undefined
2024-06-17 17:16:05.337 [error] Canceled: Canceled
	at new A (/home/shivako/.vscode-server/bin/611f9bfce64f25108829dd295f54a6894e87339d/out/vs/workbench/api/node/extensionHostProcess.js:145:50615)
	at E.U (/home/shivako/.vscode-server/bin/611f9bfce64f25108829dd295f54a6894e87339d/out/vs/workbench/api/node/extensionHostProcess.js:152:6007)
	at z.<computed>.M.charCodeAt.R.CharCode.DollarSign.z.<computed> (/home/shivako/.vscode-server/bin/611f9bfce64f25108829dd295f54a6894e87339d/out/vs/workbench/api/node/extensionHostProcess.js:152:3091)
	at h.g (/home/shivako/.vscode-server/bin/611f9bfce64f25108829dd295f54a6894e87339d/out/vs/workbench/api/node/extensionHostProcess.js:155:199935)
	at h.executeCommand (/home/shivako/.vscode-server/bin/611f9bfce64f25108829dd295f54a6894e87339d/out/vs/workbench/api/node/extensionHostProcess.js:155:199373)
	at I.registerCommand.description (/home/shivako/.vscode-server/bin/611f9bfce64f25108829dd295f54a6894e87339d/out/vs/workbench/api/node/extensionHostProcess.js:155:198697)
	at h (/home/shivako/.vscode-server/bin/611f9bfce64f25108829dd295f54a6894e87339d/out/vs/workbench/api/node/extensionHostProcess.js:155:200474)
	at h.g (/home/shivako/.vscode-server/bin/611f9bfce64f25108829dd295f54a6894e87339d/out/vs/workbench/api/node/extensionHostProcess.js:155:199466)
	at h.executeCommand (/home/shivako/.vscode-server/bin/611f9bfce64f25108829dd295f54a6894e87339d/out/vs/workbench/api/node/extensionHostProcess.js:155:199373)
	at Object.executeCommand (/home/shivako/.vscode-server/bin/611f9bfce64f25108829dd295f54a6894e87339d/out/vs/workbench/api/node/extensionHostProcess.js:165:22742)
	at set hasGitHubRepositories [as hasGitHubRepositories] (/home/shivako/.vscode-server/bin/611f9bfce64f25108829dd295f54a6894e87339d/extensions/github/dist/extension.js:2:322969)
	at /home/shivako/.vscode-server/bin/611f9bfce64f25108829dd295f54a6894e87339d/extensions/github/dist/extension.js:2:323928
	at n.value (/home/shivako/.vscode-server/bin/611f9bfce64f25108829dd295f54a6894e87339d/extensions/git/dist/main.js:2:1050764)
	at l.y (/home/shivako/.vscode-server/bin/611f9bfce64f25108829dd295f54a6894e87339d/out/vs/workbench/api/node/extensionHostProcess.js:82:664)
	at l.z (/home/shivako/.vscode-server/bin/611f9bfce64f25108829dd295f54a6894e87339d/out/vs/workbench/api/node/extensionHostProcess.js:82:734)
	at l.fire (/home/shivako/.vscode-server/bin/611f9bfce64f25108829dd295f54a6894e87339d/out/vs/workbench/api/node/extensionHostProcess.js:82:950)
	at Object.p [as dispose] (/home/shivako/.vscode-server/bin/611f9bfce64f25108829dd295f54a6894e87339d/extensions/git/dist/main.js:2:964275)
	at /home/shivako/.vscode-server/bin/611f9bfce64f25108829dd295f54a6894e87339d/extensions/git/dist/main.js:2:970313
	at Array.forEach (<anonymous>)
	at f.dispose (/home/shivako/.vscode-server/bin/611f9bfce64f25108829dd295f54a6894e87339d/extensions/git/dist/main.js:2:970299)
	at a.<anonymous> (/home/shivako/.vscode-server/bin/611f9bfce64f25108829dd295f54a6894e87339d/out/vs/workbench/api/node/extensionHostProcess.js:153:4032)
	at a.dispose (/home/shivako/.vscode-server/bin/611f9bfce64f25108829dd295f54a6894e87339d/out/vs/workbench/api/node/extensionHostProcess.js:153:4129)
	at a.<anonymous> (/home/shivako/.vscode-server/bin/611f9bfce64f25108829dd295f54a6894e87339d/extensions/git/dist/main.js:2:947448)
	at a.dispose (/home/shivako/.vscode-server/bin/611f9bfce64f25108829dd295f54a6894e87339d/out/vs/workbench/api/node/extensionHostProcess.js:153:4129)
	at f (/home/shivako/.vscode-server/bin/611f9bfce64f25108829dd295f54a6894e87339d/out/vs/workbench/api/node/extensionHostProcess.js:30:744)
	at u.eb (/home/shivako/.vscode-server/bin/611f9bfce64f25108829dd295f54a6894e87339d/out/vs/workbench/api/node/extensionHostProcess.js:161:9991)
	at /home/shivako/.vscode-server/bin/611f9bfce64f25108829dd295f54a6894e87339d/out/vs/workbench/api/node/extensionHostProcess.js:161:7867
	at Array.map (<anonymous>)
	at u.$ (/home/shivako/.vscode-server/bin/611f9bfce64f25108829dd295f54a6894e87339d/out/vs/workbench/api/node/extensionHostProcess.js:161:7854)
	at u.terminate (/home/shivako/.vscode-server/bin/611f9bfce64f25108829dd295f54a6894e87339d/out/vs/workbench/api/node/extensionHostProcess.js:161:8127)
	at f.terminate (/home/shivako/.vscode-server/bin/611f9bfce64f25108829dd295f54a6894e87339d/out/vs/workbench/api/node/extensionHostProcess.js:165:1513)
	at t (/home/shivako/.vscode-server/bin/611f9bfce64f25108829dd295f54a6894e87339d/out/vs/workbench/api/node/extensionHostProcess.js:178:10459)
	at n.value (/home/shivako/.vscode-server/bin/611f9bfce64f25108829dd295f54a6894e87339d/out/vs/workbench/api/node/extensionHostProcess.js:178:8427)
	at l.y (/home/shivako/.vscode-server/bin/611f9bfce64f25108829dd295f54a6894e87339d/out/vs/workbench/api/node/extensionHostProcess.js:82:664)
	at l.fire (/home/shivako/.vscode-server/bin/611f9bfce64f25108829dd295f54a6894e87339d/out/vs/workbench/api/node/extensionHostProcess.js:82:881)
	at s.fire (/home/shivako/.vscode-server/bin/611f9bfce64f25108829dd295f54a6894e87339d/out/vs/workbench/api/node/extensionHostProcess.js:107:14502)
	at h.z (/home/shivako/.vscode-server/bin/611f9bfce64f25108829dd295f54a6894e87339d/out/vs/workbench/api/node/extensionHostProcess.js:107:17638)
	at n.value (/home/shivako/.vscode-server/bin/611f9bfce64f25108829dd295f54a6894e87339d/out/vs/workbench/api/node/extensionHostProcess.js:107:16019)
	at l.y (/home/shivako/.vscode-server/bin/611f9bfce64f25108829dd295f54a6894e87339d/out/vs/workbench/api/node/extensionHostProcess.js:82:664)
	at l.fire (/home/shivako/.vscode-server/bin/611f9bfce64f25108829dd295f54a6894e87339d/out/vs/workbench/api/node/extensionHostProcess.js:82:881)
	at u.acceptChunk (/home/shivako/.vscode-server/bin/611f9bfce64f25108829dd295f54a6894e87339d/out/vs/workbench/api/node/extensionHostProcess.js:107:12248)
	at n.value (/home/shivako/.vscode-server/bin/611f9bfce64f25108829dd295f54a6894e87339d/out/vs/workbench/api/node/extensionHostProcess.js:107:11518)
	at l.y (/home/shivako/.vscode-server/bin/611f9bfce64f25108829dd295f54a6894e87339d/out/vs/workbench/api/node/extensionHostProcess.js:82:664)
	at l.fire (/home/shivako/.vscode-server/bin/611f9bfce64f25108829dd295f54a6894e87339d/out/vs/workbench/api/node/extensionHostProcess.js:82:881)
	at n.z (/home/shivako/.vscode-server/bin/611f9bfce64f25108829dd295f54a6894e87339d/out/vs/workbench/api/node/extensionHostProcess.js:175:20497)
	at n.acceptFrame (/home/shivako/.vscode-server/bin/611f9bfce64f25108829dd295f54a6894e87339d/out/vs/workbench/api/node/extensionHostProcess.js:175:20303)
	at g.n (/home/shivako/.vscode-server/bin/611f9bfce64f25108829dd295f54a6894e87339d/out/vs/workbench/api/node/extensionHostProcess.js:175:18748)
	at /home/shivako/.vscode-server/bin/611f9bfce64f25108829dd295f54a6894e87339d/out/vs/workbench/api/node/extensionHostProcess.js:175:15675
	at Socket.w (/home/shivako/.vscode-server/bin/611f9bfce64f25108829dd295f54a6894e87339d/out/vs/workbench/api/node/extensionHostProcess.js:175:13305)
	at Socket.emit (node:events:518:28)
	at addChunk (node:internal/streams/readable:559:12)
	at readableAddChunkPushByteMode (node:internal/streams/readable:510:3)
	at Readable.push (node:internal/streams/readable:390:5)
	at TCP.onStreamRead (node:internal/stream_base_commons:190:23) setContext undefined
2024-06-17 17:16:05.341 [info] Extension host with pid 443 exiting with code 0
