2024-06-24 17:06:55.715 [info] Extension host with pid 2532 started
2024-06-24 17:06:55.754 [info] ExtensionService#_doActivateExtension vscode.emmet, startup: false, activationEvent: 'onLanguage'
2024-06-24 17:06:55.755 [info] ExtensionService#_doActivateExtension vscode.html-language-features, startup: false, activationEvent: 'onLanguage:html'
2024-06-24 17:06:55.868 [info] Lock '/home/shivako/.vscode-server/data/User/workspaceStorage/ea2e88299a6955a6a1f8c028a90660cc/vscode.lock': Lock acquired.
2024-06-24 17:06:56.463 [info] ExtensionService#_doActivateExtension vscode.git-base, startup: true, activationEvent: '*', root cause: vscode.git
2024-06-24 17:06:56.473 [info] ExtensionService#_doActivateExtension vscode.git, startup: true, activationEvent: '*'
2024-06-24 17:06:56.474 [info] ExtensionService#_doActivateExtension vscode.github, startup: true, activationEvent: '*'
2024-06-24 17:06:56.630 [info] Eager extensions activated
2024-06-24 17:06:56.630 [info] ExtensionService#_doActivateExtension vscode.debug-auto-launch, startup: false, activationEvent: 'onStartupFinished'
2024-06-24 17:06:56.631 [info] ExtensionService#_doActivateExtension vscode.merge-conflict, startup: false, activationEvent: 'onStartupFinished'
2024-06-24 17:06:56.693 [info] ExtensionService#_doActivateExtension vscode.json-language-features, startup: false, activationEvent: 'onLanguage:jsonc'
2024-06-24 17:06:56.693 [info] ExtensionService#_doActivateExtension vscode.typescript-language-features, startup: false, activationEvent: 'onLanguage:jsonc'
2024-06-24 17:16:23.683 [info] ExtensionService#_doActivateExtension vscode.tunnel-forwarding, startup: false, activationEvent: 'onTunnel'
2024-06-24 17:23:14.533 [info] Extension host terminating: received terminate message from renderer
2024-06-24 17:23:14.535 [info] Lock '/home/shivako/.vscode-server/data/User/workspaceStorage/ea2e88299a6955a6a1f8c028a90660cc/vscode.lock': Marking the lockfile as scheduled to be released in 6000 ms.
2024-06-24 17:23:14.604 [error] Canceled: Canceled
	at new A (/home/shivako/.vscode-server/bin/611f9bfce64f25108829dd295f54a6894e87339d/out/vs/workbench/api/node/extensionHostProcess.js:145:50615)
	at E.U (/home/shivako/.vscode-server/bin/611f9bfce64f25108829dd295f54a6894e87339d/out/vs/workbench/api/node/extensionHostProcess.js:152:6007)
	at z.<computed>.M.charCodeAt.R.CharCode.DollarSign.z.<computed> (/home/shivako/.vscode-server/bin/611f9bfce64f25108829dd295f54a6894e87339d/out/vs/workbench/api/node/extensionHostProcess.js:152:3091)
	at h.g (/home/shivako/.vscode-server/bin/611f9bfce64f25108829dd295f54a6894e87339d/out/vs/workbench/api/node/extensionHostProcess.js:155:199935)
	at h.executeCommand (/home/shivako/.vscode-server/bin/611f9bfce64f25108829dd295f54a6894e87339d/out/vs/workbench/api/node/extensionHostProcess.js:155:199373)
	at I.registerCommand.description (/home/shivako/.vscode-server/bin/611f9bfce64f25108829dd295f54a6894e87339d/out/vs/workbench/api/node/extensionHostProcess.js:155:198697)
	at h (/home/shivako/.vscode-server/bin/611f9bfce64f25108829dd295f54a6894e87339d/out/vs/workbench/api/node/extensionHostProcess.js:155:200474)
	at h.g (/home/shivako/.vscode-server/bin/611f9bfce64f25108829dd295f54a6894e87339d/out/vs/workbench/api/node/extensionHostProcess.js:155:199466)
	at h.executeCommand (/home/shivako/.vscode-server/bin/611f9bfce64f25108829dd295f54a6894e87339d/out/vs/workbench/api/node/extensionHostProcess.js:155:199373)
	at Object.executeCommand (/home/shivako/.vscode-server/bin/611f9bfce64f25108829dd295f54a6894e87339d/out/vs/workbench/api/node/extensionHostProcess.js:165:22742)
	at n.O [as value] (/home/shivako/.vscode-server/bin/611f9bfce64f25108829dd295f54a6894e87339d/extensions/git/dist/main.js:2:945191)
	at l.y (/home/shivako/.vscode-server/bin/611f9bfce64f25108829dd295f54a6894e87339d/out/vs/workbench/api/node/extensionHostProcess.js:82:664)
	at l.z (/home/shivako/.vscode-server/bin/611f9bfce64f25108829dd295f54a6894e87339d/out/vs/workbench/api/node/extensionHostProcess.js:82:734)
	at l.fire (/home/shivako/.vscode-server/bin/611f9bfce64f25108829dd295f54a6894e87339d/out/vs/workbench/api/node/extensionHostProcess.js:82:950)
	at Object.p [as dispose] (/home/shivako/.vscode-server/bin/611f9bfce64f25108829dd295f54a6894e87339d/extensions/git/dist/main.js:2:964275)
	at /home/shivako/.vscode-server/bin/611f9bfce64f25108829dd295f54a6894e87339d/extensions/git/dist/main.js:2:970313
	at Array.forEach (<anonymous>)
	at f.dispose (/home/shivako/.vscode-server/bin/611f9bfce64f25108829dd295f54a6894e87339d/extensions/git/dist/main.js:2:970299)
	at a.<anonymous> (/home/shivako/.vscode-server/bin/611f9bfce64f25108829dd295f54a6894e87339d/out/vs/workbench/api/node/extensionHostProcess.js:153:4032)
	at a.dispose (/home/shivako/.vscode-server/bin/611f9bfce64f25108829dd295f54a6894e87339d/out/vs/workbench/api/node/extensionHostProcess.js:153:4129)
	at a.<anonymous> (/home/shivako/.vscode-server/bin/611f9bfce64f25108829dd295f54a6894e87339d/extensions/git/dist/main.js:2:947448)
	at a.dispose (/home/shivako/.vscode-server/bin/611f9bfce64f25108829dd295f54a6894e87339d/out/vs/workbench/api/node/extensionHostProcess.js:153:4129)
	at f (/home/shivako/.vscode-server/bin/611f9bfce64f25108829dd295f54a6894e87339d/out/vs/workbench/api/node/extensionHostProcess.js:30:744)
	at u.eb (/home/shivako/.vscode-server/bin/611f9bfce64f25108829dd295f54a6894e87339d/out/vs/workbench/api/node/extensionHostProcess.js:161:9991)
	at /home/shivako/.vscode-server/bin/611f9bfce64f25108829dd295f54a6894e87339d/out/vs/workbench/api/node/extensionHostProcess.js:161:7867
	at Array.map (<anonymous>)
	at u.$ (/home/shivako/.vscode-server/bin/611f9bfce64f25108829dd295f54a6894e87339d/out/vs/workbench/api/node/extensionHostProcess.js:161:7854)
	at u.terminate (/home/shivako/.vscode-server/bin/611f9bfce64f25108829dd295f54a6894e87339d/out/vs/workbench/api/node/extensionHostProcess.js:161:8127)
	at f.terminate (/home/shivako/.vscode-server/bin/611f9bfce64f25108829dd295f54a6894e87339d/out/vs/workbench/api/node/extensionHostProcess.js:165:1513)
	at t (/home/shivako/.vscode-server/bin/611f9bfce64f25108829dd295f54a6894e87339d/out/vs/workbench/api/node/extensionHostProcess.js:178:10459)
	at n.value (/home/shivako/.vscode-server/bin/611f9bfce64f25108829dd295f54a6894e87339d/out/vs/workbench/api/node/extensionHostProcess.js:178:8427)
	at l.y (/home/shivako/.vscode-server/bin/611f9bfce64f25108829dd295f54a6894e87339d/out/vs/workbench/api/node/extensionHostProcess.js:82:664)
	at l.fire (/home/shivako/.vscode-server/bin/611f9bfce64f25108829dd295f54a6894e87339d/out/vs/workbench/api/node/extensionHostProcess.js:82:881)
	at s.fire (/home/shivako/.vscode-server/bin/611f9bfce64f25108829dd295f54a6894e87339d/out/vs/workbench/api/node/extensionHostProcess.js:107:14502)
	at h.z (/home/shivako/.vscode-server/bin/611f9bfce64f25108829dd295f54a6894e87339d/out/vs/workbench/api/node/extensionHostProcess.js:107:17638)
	at n.value (/home/shivako/.vscode-server/bin/611f9bfce64f25108829dd295f54a6894e87339d/out/vs/workbench/api/node/extensionHostProcess.js:107:16019)
	at l.y (/home/shivako/.vscode-server/bin/611f9bfce64f25108829dd295f54a6894e87339d/out/vs/workbench/api/node/extensionHostProcess.js:82:664)
	at l.fire (/home/shivako/.vscode-server/bin/611f9bfce64f25108829dd295f54a6894e87339d/out/vs/workbench/api/node/extensionHostProcess.js:82:881)
	at u.acceptChunk (/home/shivako/.vscode-server/bin/611f9bfce64f25108829dd295f54a6894e87339d/out/vs/workbench/api/node/extensionHostProcess.js:107:12248)
	at n.value (/home/shivako/.vscode-server/bin/611f9bfce64f25108829dd295f54a6894e87339d/out/vs/workbench/api/node/extensionHostProcess.js:107:11518)
	at l.y (/home/shivako/.vscode-server/bin/611f9bfce64f25108829dd295f54a6894e87339d/out/vs/workbench/api/node/extensionHostProcess.js:82:664)
	at l.fire (/home/shivako/.vscode-server/bin/611f9bfce64f25108829dd295f54a6894e87339d/out/vs/workbench/api/node/extensionHostProcess.js:82:881)
	at n.z (/home/shivako/.vscode-server/bin/611f9bfce64f25108829dd295f54a6894e87339d/out/vs/workbench/api/node/extensionHostProcess.js:175:20497)
	at n.acceptFrame (/home/shivako/.vscode-server/bin/611f9bfce64f25108829dd295f54a6894e87339d/out/vs/workbench/api/node/extensionHostProcess.js:175:20303)
	at g.n (/home/shivako/.vscode-server/bin/611f9bfce64f25108829dd295f54a6894e87339d/out/vs/workbench/api/node/extensionHostProcess.js:175:18748)
	at /home/shivako/.vscode-server/bin/611f9bfce64f25108829dd295f54a6894e87339d/out/vs/workbench/api/node/extensionHostProcess.js:175:15675
	at Socket.w (/home/shivako/.vscode-server/bin/611f9bfce64f25108829dd295f54a6894e87339d/out/vs/workbench/api/node/extensionHostProcess.js:175:13305)
	at Socket.emit (node:events:518:28)
	at addChunk (node:internal/streams/readable:559:12)
	at readableAddChunkPushByteMode (node:internal/streams/readable:510:3)
	at Readable.push (node:internal/streams/readable:390:5)
	at TCP.onStreamRead (node:internal/stream_base_commons:190:23) setContext undefined
2024-06-24 17:23:14.605 [error] Canceled: Canceled
	at new A (/home/shivako/.vscode-server/bin/611f9bfce64f25108829dd295f54a6894e87339d/out/vs/workbench/api/node/extensionHostProcess.js:145:50615)
	at E.U (/home/shivako/.vscode-server/bin/611f9bfce64f25108829dd295f54a6894e87339d/out/vs/workbench/api/node/extensionHostProcess.js:152:6007)
	at z.<computed>.M.charCodeAt.R.CharCode.DollarSign.z.<computed> (/home/shivako/.vscode-server/bin/611f9bfce64f25108829dd295f54a6894e87339d/out/vs/workbench/api/node/extensionHostProcess.js:152:3091)
	at h.g (/home/shivako/.vscode-server/bin/611f9bfce64f25108829dd295f54a6894e87339d/out/vs/workbench/api/node/extensionHostProcess.js:155:199935)
	at h.executeCommand (/home/shivako/.vscode-server/bin/611f9bfce64f25108829dd295f54a6894e87339d/out/vs/workbench/api/node/extensionHostProcess.js:155:199373)
	at I.registerCommand.description (/home/shivako/.vscode-server/bin/611f9bfce64f25108829dd295f54a6894e87339d/out/vs/workbench/api/node/extensionHostProcess.js:155:198697)
	at h (/home/shivako/.vscode-server/bin/611f9bfce64f25108829dd295f54a6894e87339d/out/vs/workbench/api/node/extensionHostProcess.js:155:200474)
	at h.g (/home/shivako/.vscode-server/bin/611f9bfce64f25108829dd295f54a6894e87339d/out/vs/workbench/api/node/extensionHostProcess.js:155:199466)
	at h.executeCommand (/home/shivako/.vscode-server/bin/611f9bfce64f25108829dd295f54a6894e87339d/out/vs/workbench/api/node/extensionHostProcess.js:155:199373)
	at Object.executeCommand (/home/shivako/.vscode-server/bin/611f9bfce64f25108829dd295f54a6894e87339d/out/vs/workbench/api/node/extensionHostProcess.js:165:22742)
	at set hasGitHubRepositories [as hasGitHubRepositories] (/home/shivako/.vscode-server/bin/611f9bfce64f25108829dd295f54a6894e87339d/extensions/github/dist/extension.js:2:322969)
	at /home/shivako/.vscode-server/bin/611f9bfce64f25108829dd295f54a6894e87339d/extensions/github/dist/extension.js:2:323928
	at n.value (/home/shivako/.vscode-server/bin/611f9bfce64f25108829dd295f54a6894e87339d/extensions/git/dist/main.js:2:1050764)
	at l.y (/home/shivako/.vscode-server/bin/611f9bfce64f25108829dd295f54a6894e87339d/out/vs/workbench/api/node/extensionHostProcess.js:82:664)
	at l.z (/home/shivako/.vscode-server/bin/611f9bfce64f25108829dd295f54a6894e87339d/out/vs/workbench/api/node/extensionHostProcess.js:82:734)
	at l.fire (/home/shivako/.vscode-server/bin/611f9bfce64f25108829dd295f54a6894e87339d/out/vs/workbench/api/node/extensionHostProcess.js:82:950)
	at Object.p [as dispose] (/home/shivako/.vscode-server/bin/611f9bfce64f25108829dd295f54a6894e87339d/extensions/git/dist/main.js:2:964275)
	at /home/shivako/.vscode-server/bin/611f9bfce64f25108829dd295f54a6894e87339d/extensions/git/dist/main.js:2:970313
	at Array.forEach (<anonymous>)
	at f.dispose (/home/shivako/.vscode-server/bin/611f9bfce64f25108829dd295f54a6894e87339d/extensions/git/dist/main.js:2:970299)
	at a.<anonymous> (/home/shivako/.vscode-server/bin/611f9bfce64f25108829dd295f54a6894e87339d/out/vs/workbench/api/node/extensionHostProcess.js:153:4032)
	at a.dispose (/home/shivako/.vscode-server/bin/611f9bfce64f25108829dd295f54a6894e87339d/out/vs/workbench/api/node/extensionHostProcess.js:153:4129)
	at a.<anonymous> (/home/shivako/.vscode-server/bin/611f9bfce64f25108829dd295f54a6894e87339d/extensions/git/dist/main.js:2:947448)
	at a.dispose (/home/shivako/.vscode-server/bin/611f9bfce64f25108829dd295f54a6894e87339d/out/vs/workbench/api/node/extensionHostProcess.js:153:4129)
	at f (/home/shivako/.vscode-server/bin/611f9bfce64f25108829dd295f54a6894e87339d/out/vs/workbench/api/node/extensionHostProcess.js:30:744)
	at u.eb (/home/shivako/.vscode-server/bin/611f9bfce64f25108829dd295f54a6894e87339d/out/vs/workbench/api/node/extensionHostProcess.js:161:9991)
	at /home/shivako/.vscode-server/bin/611f9bfce64f25108829dd295f54a6894e87339d/out/vs/workbench/api/node/extensionHostProcess.js:161:7867
	at Array.map (<anonymous>)
	at u.$ (/home/shivako/.vscode-server/bin/611f9bfce64f25108829dd295f54a6894e87339d/out/vs/workbench/api/node/extensionHostProcess.js:161:7854)
	at u.terminate (/home/shivako/.vscode-server/bin/611f9bfce64f25108829dd295f54a6894e87339d/out/vs/workbench/api/node/extensionHostProcess.js:161:8127)
	at f.terminate (/home/shivako/.vscode-server/bin/611f9bfce64f25108829dd295f54a6894e87339d/out/vs/workbench/api/node/extensionHostProcess.js:165:1513)
	at t (/home/shivako/.vscode-server/bin/611f9bfce64f25108829dd295f54a6894e87339d/out/vs/workbench/api/node/extensionHostProcess.js:178:10459)
	at n.value (/home/shivako/.vscode-server/bin/611f9bfce64f25108829dd295f54a6894e87339d/out/vs/workbench/api/node/extensionHostProcess.js:178:8427)
	at l.y (/home/shivako/.vscode-server/bin/611f9bfce64f25108829dd295f54a6894e87339d/out/vs/workbench/api/node/extensionHostProcess.js:82:664)
	at l.fire (/home/shivako/.vscode-server/bin/611f9bfce64f25108829dd295f54a6894e87339d/out/vs/workbench/api/node/extensionHostProcess.js:82:881)
	at s.fire (/home/shivako/.vscode-server/bin/611f9bfce64f25108829dd295f54a6894e87339d/out/vs/workbench/api/node/extensionHostProcess.js:107:14502)
	at h.z (/home/shivako/.vscode-server/bin/611f9bfce64f25108829dd295f54a6894e87339d/out/vs/workbench/api/node/extensionHostProcess.js:107:17638)
	at n.value (/home/shivako/.vscode-server/bin/611f9bfce64f25108829dd295f54a6894e87339d/out/vs/workbench/api/node/extensionHostProcess.js:107:16019)
	at l.y (/home/shivako/.vscode-server/bin/611f9bfce64f25108829dd295f54a6894e87339d/out/vs/workbench/api/node/extensionHostProcess.js:82:664)
	at l.fire (/home/shivako/.vscode-server/bin/611f9bfce64f25108829dd295f54a6894e87339d/out/vs/workbench/api/node/extensionHostProcess.js:82:881)
	at u.acceptChunk (/home/shivako/.vscode-server/bin/611f9bfce64f25108829dd295f54a6894e87339d/out/vs/workbench/api/node/extensionHostProcess.js:107:12248)
	at n.value (/home/shivako/.vscode-server/bin/611f9bfce64f25108829dd295f54a6894e87339d/out/vs/workbench/api/node/extensionHostProcess.js:107:11518)
	at l.y (/home/shivako/.vscode-server/bin/611f9bfce64f25108829dd295f54a6894e87339d/out/vs/workbench/api/node/extensionHostProcess.js:82:664)
	at l.fire (/home/shivako/.vscode-server/bin/611f9bfce64f25108829dd295f54a6894e87339d/out/vs/workbench/api/node/extensionHostProcess.js:82:881)
	at n.z (/home/shivako/.vscode-server/bin/611f9bfce64f25108829dd295f54a6894e87339d/out/vs/workbench/api/node/extensionHostProcess.js:175:20497)
	at n.acceptFrame (/home/shivako/.vscode-server/bin/611f9bfce64f25108829dd295f54a6894e87339d/out/vs/workbench/api/node/extensionHostProcess.js:175:20303)
	at g.n (/home/shivako/.vscode-server/bin/611f9bfce64f25108829dd295f54a6894e87339d/out/vs/workbench/api/node/extensionHostProcess.js:175:18748)
	at /home/shivako/.vscode-server/bin/611f9bfce64f25108829dd295f54a6894e87339d/out/vs/workbench/api/node/extensionHostProcess.js:175:15675
	at Socket.w (/home/shivako/.vscode-server/bin/611f9bfce64f25108829dd295f54a6894e87339d/out/vs/workbench/api/node/extensionHostProcess.js:175:13305)
	at Socket.emit (node:events:518:28)
	at addChunk (node:internal/streams/readable:559:12)
	at readableAddChunkPushByteMode (node:internal/streams/readable:510:3)
	at Readable.push (node:internal/streams/readable:390:5)
	at TCP.onStreamRead (node:internal/stream_base_commons:190:23) setContext undefined
2024-06-24 17:23:14.617 [info] Extension host with pid 2532 exiting with code 0
