2024-07-22 19:01:59.688 [info] Log level: Info
2024-07-22 19:01:59.688 [info] Validating found git in: "git"
2024-07-22 19:01:59.688 [info] Using git "2.45.2" from "git"
2024-07-22 19:01:59.688 [info] > git rev-parse --show-toplevel [4ms]
2024-07-22 19:01:59.689 [info] > git rev-parse --git-dir --git-common-dir [1ms]
2024-07-22 19:01:59.698 [info] Open repository: /home/shivako/GitTest
2024-07-22 19:01:59.732 [info] > git rev-parse --show-toplevel [5ms]
2024-07-22 19:01:59.733 [info] > git config --get commit.template [8ms]
2024-07-22 19:01:59.738 [info] > git rev-parse --show-toplevel [3ms]
2024-07-22 19:01:59.744 [info] > git for-each-ref --format=%(refname)%00%(upstream:short)%00%(objectname)%00%(upstream:track)%00%(upstream:remotename)%00%(upstream:remoteref) refs/heads/main refs/remotes/main [7ms]
2024-07-22 19:01:59.751 [info] > git status -z -uall [4ms]
2024-07-22 19:01:59.761 [info] > git for-each-ref --format=%(refname)%00%(upstream:short)%00%(objectname)%00%(upstream:track)%00%(upstream:remotename)%00%(upstream:remoteref) refs/heads/main refs/remotes/main [7ms]
2024-07-22 19:01:59.765 [info] > git config --get commit.template [4ms]
2024-07-22 19:01:59.765 [info] > git config --local branch.main.vscode-merge-base [2ms]
2024-07-22 19:01:59.766 [warning] git config failed: Failed to execute git
2024-07-22 19:01:59.771 [info] > git for-each-ref --format=%(refname)%00%(upstream:short)%00%(objectname)%00%(upstream:track)%00%(upstream:remotename)%00%(upstream:remoteref) refs/heads/main refs/remotes/main [2ms]
2024-07-22 19:01:59.771 [info] > git reflog main --grep-reflog=branch: Created from *. [4ms]
2024-07-22 19:01:59.776 [info] > git symbolic-ref --short refs/remotes/origin/HEAD [3ms]
2024-07-22 19:01:59.777 [info] > git status -z -uall [2ms]
2024-07-22 19:01:59.782 [info] > git for-each-ref --format=%(refname)%00%(upstream:short)%00%(objectname)%00%(upstream:track)%00%(upstream:remotename)%00%(upstream:remoteref) refs/heads/main refs/remotes/main [2ms]
2024-07-22 19:01:59.784 [info] > git for-each-ref --format=%(refname)%00%(upstream:short)%00%(objectname)%00%(upstream:track)%00%(upstream:remotename)%00%(upstream:remoteref) refs/heads/origin/main refs/remotes/origin/main [7ms]
2024-07-22 19:01:59.788 [info] > git config --local branch.main.vscode-merge-base [4ms]
2024-07-22 19:01:59.788 [warning] git config failed: Failed to execute git
2024-07-22 19:01:59.791 [info] > git config --local branch.main.vscode-merge-base origin/main [5ms]
2024-07-22 19:01:59.795 [info] > git reflog main --grep-reflog=branch: Created from *. [5ms]
2024-07-22 19:01:59.797 [info] > git config --get commit.template [2ms]
2024-07-22 19:01:59.799 [info] > git symbolic-ref --short refs/remotes/origin/HEAD [2ms]
2024-07-22 19:01:59.801 [info] > git for-each-ref --format=%(refname)%00%(upstream:short)%00%(objectname)%00%(upstream:track)%00%(upstream:remotename)%00%(upstream:remoteref) refs/heads/main refs/remotes/main [2ms]
2024-07-22 19:01:59.802 [info] > git for-each-ref --format=%(refname)%00%(upstream:short)%00%(objectname)%00%(upstream:track)%00%(upstream:remotename)%00%(upstream:remoteref) refs/heads/origin/main refs/remotes/origin/main [1ms]
2024-07-22 19:01:59.806 [info] > git config --local branch.main.vscode-merge-base origin/main [3ms]
2024-07-22 19:01:59.811 [info] > git status -z -uall [6ms] (cancelled)
2024-07-22 19:01:59.811 [info] > git merge-base refs/heads/main refs/remotes/origin/main [2ms]
2024-07-22 19:01:59.814 [info] > git config --get commit.template [4ms]
2024-07-22 19:01:59.817 [info] > git rev-list --count --left-right refs/heads/main...refs/remotes/origin/main [4ms]
2024-07-22 19:01:59.819 [info] > git for-each-ref --format=%(refname)%00%(upstream:short)%00%(objectname)%00%(upstream:track)%00%(upstream:remotename)%00%(upstream:remoteref) refs/heads/main refs/remotes/main [3ms]
2024-07-22 19:01:59.822 [info] > git diff --name-status -z --diff-filter=ADMR 3cdf21340596f1ca9ce8a21416add4e5028124a7...refs/remotes/origin/main [3ms]
2024-07-22 19:01:59.823 [info] > git status -z -uall [1ms]
2024-07-22 19:01:59.826 [info] > git for-each-ref --format=%(refname)%00%(upstream:short)%00%(objectname)%00%(upstream:track)%00%(upstream:remotename)%00%(upstream:remoteref) refs/heads/main refs/remotes/main [1ms]
2024-07-22 19:01:59.829 [info] > git config --local branch.main.vscode-merge-base [1ms]
2024-07-22 19:01:59.832 [info] > git for-each-ref --format=%(refname)%00%(upstream:short)%00%(objectname)%00%(upstream:track)%00%(upstream:remotename)%00%(upstream:remoteref) refs/heads/origin/main refs/remotes/origin/main [1ms]
2024-07-22 19:02:00.027 [info] > git show --textconv :hello_woorld.txt [3ms]
2024-07-22 19:02:00.028 [info] > git ls-files --stage -- /home/shivako/GitTest/hello_woorld.txt [2ms]
2024-07-22 19:02:00.207 [info] > git check-ignore -v -z --stdin [1ms]
2024-07-22 19:02:00.887 [info] > git config --get commit.template [2ms]
2024-07-22 19:02:00.888 [info] > git for-each-ref --format=%(refname)%00%(upstream:short)%00%(objectname)%00%(upstream:track)%00%(upstream:remotename)%00%(upstream:remoteref) refs/heads/main refs/remotes/main [2ms]
2024-07-22 19:02:00.891 [info] > git status -z -uall [1ms]
2024-07-22 19:02:00.894 [info] > git for-each-ref --format=%(refname)%00%(upstream:short)%00%(objectname)%00%(upstream:track)%00%(upstream:remotename)%00%(upstream:remoteref) refs/heads/main refs/remotes/main [1ms]
2024-07-22 19:02:00.897 [info] > git config --local branch.main.vscode-merge-base [1ms]
2024-07-22 19:02:00.901 [info] > git for-each-ref --format=%(refname)%00%(upstream:short)%00%(objectname)%00%(upstream:track)%00%(upstream:remotename)%00%(upstream:remoteref) refs/heads/origin/main refs/remotes/origin/main [1ms]
2024-07-22 19:02:00.990 [info] > git ls-files --stage -- /home/shivako/GitTest/hello_woorld.txt [1ms]
2024-07-22 19:02:00.998 [info] > git show --textconv :hello_woorld.txt [1ms]
2024-07-22 19:05:17.193 [info] > git merge-base refs/heads/main refs/remotes/origin/main [1ms]
2024-07-22 19:05:17.196 [info] > git rev-list --count --left-right refs/heads/main...refs/remotes/origin/main [1ms]
2024-07-22 19:05:17.790 [info] > git check-ignore -v -z --stdin [1ms]
2024-07-22 19:05:23.620 [info] > git config --get commit.template [1ms]
2024-07-22 19:05:23.627 [info] > git for-each-ref --format=%(refname)%00%(upstream:short)%00%(objectname)%00%(upstream:track)%00%(upstream:remotename)%00%(upstream:remoteref) refs/heads/main refs/remotes/main [2ms]
2024-07-22 19:05:23.631 [info] > git status -z -uall [1ms]
2024-07-22 19:05:23.636 [info] > git for-each-ref --format=%(refname)%00%(upstream:short)%00%(objectname)%00%(upstream:track)%00%(upstream:remotename)%00%(upstream:remoteref) refs/heads/main refs/remotes/main [1ms]
2024-07-22 19:05:23.640 [info] > git config --local branch.main.vscode-merge-base [2ms]
2024-07-22 19:05:23.644 [info] > git for-each-ref --format=%(refname)%00%(upstream:short)%00%(objectname)%00%(upstream:track)%00%(upstream:remotename)%00%(upstream:remoteref) refs/heads/origin/main refs/remotes/origin/main [1ms]
2024-07-22 19:05:29.507 [info] > git config --get commit.template [2ms]
2024-07-22 19:05:29.507 [info] > git for-each-ref --format=%(refname)%00%(upstream:short)%00%(objectname)%00%(upstream:track)%00%(upstream:remotename)%00%(upstream:remoteref) refs/heads/main refs/remotes/main [1ms]
2024-07-22 19:05:29.511 [info] > git status -z -uall [2ms]
2024-07-22 19:05:29.514 [info] > git for-each-ref --format=%(refname)%00%(upstream:short)%00%(objectname)%00%(upstream:track)%00%(upstream:remotename)%00%(upstream:remoteref) refs/heads/main refs/remotes/main [1ms]
2024-07-22 19:05:29.518 [info] > git config --local branch.main.vscode-merge-base [1ms]
2024-07-22 19:05:29.522 [info] > git for-each-ref --format=%(refname)%00%(upstream:short)%00%(objectname)%00%(upstream:track)%00%(upstream:remotename)%00%(upstream:remoteref) refs/heads/origin/main refs/remotes/origin/main [1ms]
2024-07-22 19:05:34.520 [info] > git config --get commit.template [3ms]
2024-07-22 19:05:34.520 [info] > git for-each-ref --format=%(refname)%00%(upstream:short)%00%(objectname)%00%(upstream:track)%00%(upstream:remotename)%00%(upstream:remoteref) refs/heads/main refs/remotes/main [1ms]
2024-07-22 19:05:34.525 [info] > git status -z -uall [2ms]
2024-07-22 19:05:34.529 [info] > git for-each-ref --format=%(refname)%00%(upstream:short)%00%(objectname)%00%(upstream:track)%00%(upstream:remotename)%00%(upstream:remoteref) refs/heads/main refs/remotes/main [1ms]
2024-07-22 19:05:34.533 [info] > git config --local branch.main.vscode-merge-base [1ms]
2024-07-22 19:05:34.537 [info] > git for-each-ref --format=%(refname)%00%(upstream:short)%00%(objectname)%00%(upstream:track)%00%(upstream:remotename)%00%(upstream:remoteref) refs/heads/origin/main refs/remotes/origin/main [2ms]
2024-07-22 19:05:39.536 [info] > git for-each-ref --format=%(refname)%00%(upstream:short)%00%(objectname)%00%(upstream:track)%00%(upstream:remotename)%00%(upstream:remoteref) refs/heads/main refs/remotes/main [2ms]
2024-07-22 19:05:39.537 [info] > git config --get commit.template [5ms]
2024-07-22 19:05:39.541 [info] > git status -z -uall [2ms]
2024-07-22 19:05:39.544 [info] > git for-each-ref --format=%(refname)%00%(upstream:short)%00%(objectname)%00%(upstream:track)%00%(upstream:remotename)%00%(upstream:remoteref) refs/heads/main refs/remotes/main [1ms]
2024-07-22 19:05:39.547 [info] > git config --local branch.main.vscode-merge-base [1ms]
2024-07-22 19:05:39.551 [info] > git for-each-ref --format=%(refname)%00%(upstream:short)%00%(objectname)%00%(upstream:track)%00%(upstream:remotename)%00%(upstream:remoteref) refs/heads/origin/main refs/remotes/origin/main [1ms]
